{"C:\\Users\\TharakaDilshan\\Downloads\\staff-management-system\\leave_management_lambda\\handlers\\attendanceHandler.mjs": {"path":"C:\\Users\\TharakaDilshan\\Downloads\\staff-management-system\\leave_management_lambda\\handlers\\attendanceHandler.mjs","statementMap":{"0":{"start":{"line":4,"column":19},"end":{"line":4,"column":45}},"1":{"start":{"line":5,"column":4},"end":{"line":15,"column":5}},"2":{"start":{"line":6,"column":6},"end":{"line":14,"column":8}},"3":{"start":{"line":17,"column":24},"end":{"line":21,"column":5}},"4":{"start":{"line":23,"column":4},"end":{"line":45,"column":5}},"5":{"start":{"line":24,"column":21},"end":{"line":24,"column":62}},"6":{"start":{"line":25,"column":6},"end":{"line":33,"column":8}},"7":{"start":{"line":35,"column":6},"end":{"line":35,"column":44}},"8":{"start":{"line":36,"column":6},"end":{"line":44,"column":8}},"9":{"start":{"line":49,"column":19},"end":{"line":49,"column":45}},"10":{"start":{"line":50,"column":4},"end":{"line":60,"column":5}},"11":{"start":{"line":51,"column":6},"end":{"line":59,"column":8}},"12":{"start":{"line":62,"column":24},"end":{"line":66,"column":5}},"13":{"start":{"line":68,"column":4},"end":{"line":90,"column":5}},"14":{"start":{"line":69,"column":21},"end":{"line":69,"column":62}},"15":{"start":{"line":70,"column":6},"end":{"line":78,"column":8}},"16":{"start":{"line":80,"column":6},"end":{"line":80,"column":45}},"17":{"start":{"line":81,"column":6},"end":{"line":89,"column":8}}},"fnMap":{"0":{"name":"handleClockIn","decl":{"start":{"line":3,"column":22},"end":{"line":3,"column":35}},"loc":{"start":{"line":3,"column":51},"end":{"line":46,"column":3}},"line":3},"1":{"name":"handleClockOut","decl":{"start":{"line":48,"column":24},"end":{"line":48,"column":38}},"loc":{"start":{"line":48,"column":54},"end":{"line":91,"column":3}},"line":48}},"branchMap":{"0":{"loc":{"start":{"line":5,"column":4},"end":{"line":15,"column":5}},"type":"if","locations":[{"start":{"line":5,"column":4},"end":{"line":15,"column":5}},{"start":{},"end":{}}],"line":5},"1":{"loc":{"start":{"line":50,"column":4},"end":{"line":60,"column":5}},"type":"if","locations":[{"start":{"line":50,"column":4},"end":{"line":60,"column":5}},{"start":{},"end":{}}],"line":50}},"s":{"0":3,"1":3,"2":1,"3":2,"4":2,"5":2,"6":1,"7":1,"8":1,"9":3,"10":3,"11":1,"12":2,"13":2,"14":2,"15":1,"16":1,"17":1},"f":{"0":3,"1":3},"b":{"0":[1,2],"1":[1,2]},"inputSourceMap":null,"_coverageSchema":"1a1c01bbd47fc00a2c39e90264f33305004495a9","hash":"33cc0ef60dd99548d6e041d147dcc9fd330b4d8a"}
,"C:\\Users\\TharakaDilshan\\Downloads\\staff-management-system\\leave_management_lambda\\handlers\\attendanceLogHandler.mjs": {"path":"C:\\Users\\TharakaDilshan\\Downloads\\staff-management-system\\leave_management_lambda\\handlers\\attendanceLogHandler.mjs","statementMap":{"0":{"start":{"line":4,"column":67},"end":{"line":4,"column":78}},"1":{"start":{"line":6,"column":4},"end":{"line":16,"column":5}},"2":{"start":{"line":7,"column":6},"end":{"line":15,"column":8}},"3":{"start":{"line":18,"column":20},"end":{"line":18,"column":37}},"4":{"start":{"line":19,"column":20},"end":{"line":19,"column":38}},"5":{"start":{"line":20,"column":19},"end":{"line":20,"column":42}},"6":{"start":{"line":23,"column":20},"end":{"line":27,"column":5}},"7":{"start":{"line":28,"column":19},"end":{"line":28,"column":28}},"8":{"start":{"line":29,"column":16},"end":{"line":29,"column":17}},"9":{"start":{"line":31,"column":4},"end":{"line":41,"column":5}},"10":{"start":{"line":32,"column":6},"end":{"line":32,"column":67}},"11":{"start":{"line":33,"column":6},"end":{"line":33,"column":40}},"12":{"start":{"line":34,"column":6},"end":{"line":34,"column":17}},"13":{"start":{"line":35,"column":11},"end":{"line":41,"column":5}},"14":{"start":{"line":36,"column":6},"end":{"line":36,"column":46}},"15":{"start":{"line":37,"column":6},"end":{"line":37,"column":30}},"16":{"start":{"line":38,"column":11},"end":{"line":41,"column":5}},"17":{"start":{"line":39,"column":6},"end":{"line":39,"column":46}},"18":{"start":{"line":40,"column":6},"end":{"line":40,"column":28}},"19":{"start":{"line":43,"column":27},"end":{"line":43,"column":97}},"20":{"start":{"line":44,"column":4},"end":{"line":44,"column":33}},"21":{"start":{"line":46,"column":19},"end":{"line":46,"column":61}},"22":{"start":{"line":49,"column":21},"end":{"line":49,"column":86}},"23":{"start":{"line":50,"column":24},"end":{"line":50,"column":33}},"24":{"start":{"line":51,"column":12},"end":{"line":51,"column":13}},"25":{"start":{"line":53,"column":4},"end":{"line":63,"column":5}},"26":{"start":{"line":54,"column":6},"end":{"line":54,"column":60}},"27":{"start":{"line":55,"column":6},"end":{"line":55,"column":45}},"28":{"start":{"line":56,"column":6},"end":{"line":56,"column":13}},"29":{"start":{"line":57,"column":11},"end":{"line":63,"column":5}},"30":{"start":{"line":58,"column":6},"end":{"line":58,"column":43}},"31":{"start":{"line":59,"column":6},"end":{"line":59,"column":35}},"32":{"start":{"line":60,"column":11},"end":{"line":63,"column":5}},"33":{"start":{"line":61,"column":6},"end":{"line":61,"column":43}},"34":{"start":{"line":62,"column":6},"end":{"line":62,"column":33}},"35":{"start":{"line":65,"column":24},"end":{"line":65,"column":67}},"36":{"start":{"line":66,"column":18},"end":{"line":66,"column":57}},"37":{"start":{"line":68,"column":4},"end":{"line":87,"column":6}}},"fnMap":{"0":{"name":"handleAttendanceLogs","decl":{"start":{"line":3,"column":22},"end":{"line":3,"column":42}},"loc":{"start":{"line":3,"column":64},"end":{"line":88,"column":3}},"line":3}},"branchMap":{"0":{"loc":{"start":{"line":4,"column":43},"end":{"line":4,"column":51}},"type":"default-arg","locations":[{"start":{"line":4,"column":50},"end":{"line":4,"column":51}}],"line":4},"1":{"loc":{"start":{"line":4,"column":53},"end":{"line":4,"column":62}},"type":"default-arg","locations":[{"start":{"line":4,"column":60},"end":{"line":4,"column":62}}],"line":4},"2":{"loc":{"start":{"line":6,"column":4},"end":{"line":16,"column":5}},"type":"if","locations":[{"start":{"line":6,"column":4},"end":{"line":16,"column":5}},{"start":{},"end":{}}],"line":6},"3":{"loc":{"start":{"line":18,"column":20},"end":{"line":18,"column":37}},"type":"binary-expr","locations":[{"start":{"line":18,"column":20},"end":{"line":18,"column":32}},{"start":{"line":18,"column":36},"end":{"line":18,"column":37}}],"line":18},"4":{"loc":{"start":{"line":19,"column":20},"end":{"line":19,"column":38}},"type":"binary-expr","locations":[{"start":{"line":19,"column":20},"end":{"line":19,"column":32}},{"start":{"line":19,"column":36},"end":{"line":19,"column":38}}],"line":19},"5":{"loc":{"start":{"line":31,"column":4},"end":{"line":41,"column":5}},"type":"if","locations":[{"start":{"line":31,"column":4},"end":{"line":41,"column":5}},{"start":{"line":35,"column":11},"end":{"line":41,"column":5}}],"line":31},"6":{"loc":{"start":{"line":31,"column":8},"end":{"line":31,"column":30}},"type":"binary-expr","locations":[{"start":{"line":31,"column":8},"end":{"line":31,"column":18}},{"start":{"line":31,"column":22},"end":{"line":31,"column":30}}],"line":31},"7":{"loc":{"start":{"line":35,"column":11},"end":{"line":41,"column":5}},"type":"if","locations":[{"start":{"line":35,"column":11},"end":{"line":41,"column":5}},{"start":{"line":38,"column":11},"end":{"line":41,"column":5}}],"line":35},"8":{"loc":{"start":{"line":38,"column":11},"end":{"line":41,"column":5}},"type":"if","locations":[{"start":{"line":38,"column":11},"end":{"line":41,"column":5}},{"start":{},"end":{}}],"line":38},"9":{"loc":{"start":{"line":53,"column":4},"end":{"line":63,"column":5}},"type":"if","locations":[{"start":{"line":53,"column":4},"end":{"line":63,"column":5}},{"start":{"line":57,"column":11},"end":{"line":63,"column":5}}],"line":53},"10":{"loc":{"start":{"line":53,"column":8},"end":{"line":53,"column":30}},"type":"binary-expr","locations":[{"start":{"line":53,"column":8},"end":{"line":53,"column":18}},{"start":{"line":53,"column":22},"end":{"line":53,"column":30}}],"line":53},"11":{"loc":{"start":{"line":57,"column":11},"end":{"line":63,"column":5}},"type":"if","locations":[{"start":{"line":57,"column":11},"end":{"line":63,"column":5}},{"start":{"line":60,"column":11},"end":{"line":63,"column":5}}],"line":57},"12":{"loc":{"start":{"line":60,"column":11},"end":{"line":63,"column":5}},"type":"if","locations":[{"start":{"line":60,"column":11},"end":{"line":63,"column":5}},{"start":{},"end":{}}],"line":60}},"s":{"0":4,"1":4,"2":1,"3":3,"4":3,"5":3,"6":3,"7":3,"8":3,"9":3,"10":1,"11":1,"12":1,"13":2,"14":0,"15":0,"16":2,"17":0,"18":0,"19":3,"20":3,"21":3,"22":3,"23":3,"24":3,"25":3,"26":1,"27":1,"28":1,"29":2,"30":0,"31":0,"32":2,"33":0,"34":0,"35":3,"36":3,"37":3},"f":{"0":4},"b":{"0":[2],"1":[2],"2":[1,3],"3":[3,0],"4":[3,0],"5":[1,2],"6":[3,1],"7":[0,2],"8":[0,2],"9":[1,2],"10":[3,1],"11":[0,2],"12":[0,2]},"inputSourceMap":null,"_coverageSchema":"1a1c01bbd47fc00a2c39e90264f33305004495a9","hash":"0c3419900aa11a373aba3995efc0822b012e9d15"}
,"C:\\Users\\TharakaDilshan\\Downloads\\staff-management-system\\leave_management_lambda\\handlers\\getUserDisplayName.mjs": {"path":"C:\\Users\\TharakaDilshan\\Downloads\\staff-management-system\\leave_management_lambda\\handlers\\getUserDisplayName.mjs","statementMap":{"0":{"start":{"line":2,"column":24},"end":{"line":2,"column":35}},"1":{"start":{"line":4,"column":4},"end":{"line":69,"column":5}},"2":{"start":{"line":5,"column":6},"end":{"line":53,"column":7}},"3":{"start":{"line":7,"column":23},"end":{"line":10,"column":9}},"4":{"start":{"line":12,"column":8},"end":{"line":25,"column":9}},"5":{"start":{"line":13,"column":10},"end":{"line":24,"column":12}},"6":{"start":{"line":27,"column":8},"end":{"line":37,"column":10}},"7":{"start":{"line":40,"column":23},"end":{"line":42,"column":9}},"8":{"start":{"line":44,"column":8},"end":{"line":52,"column":10}},"9":{"start":{"line":55,"column":6},"end":{"line":55,"column":50}},"10":{"start":{"line":56,"column":6},"end":{"line":68,"column":8}}},"fnMap":{"0":{"name":"handleGetUserDisplayName","decl":{"start":{"line":1,"column":22},"end":{"line":1,"column":46}},"loc":{"start":{"line":1,"column":68},"end":{"line":70,"column":3}},"line":1}},"branchMap":{"0":{"loc":{"start":{"line":5,"column":6},"end":{"line":53,"column":7}},"type":"if","locations":[{"start":{"line":5,"column":6},"end":{"line":53,"column":7}},{"start":{"line":38,"column":13},"end":{"line":53,"column":7}}],"line":5},"1":{"loc":{"start":{"line":12,"column":8},"end":{"line":25,"column":9}},"type":"if","locations":[{"start":{"line":12,"column":8},"end":{"line":25,"column":9}},{"start":{},"end":{}}],"line":12}},"s":{"0":4,"1":4,"2":4,"3":3,"4":2,"5":1,"6":1,"7":1,"8":1,"9":1,"10":1},"f":{"0":4},"b":{"0":[3,1],"1":[1,1]},"inputSourceMap":null,"_coverageSchema":"1a1c01bbd47fc00a2c39e90264f33305004495a9","hash":"61b8427bcbb7a257c41323ab3db4b4f077a074cf"}
,"C:\\Users\\TharakaDilshan\\Downloads\\staff-management-system\\leave_management_lambda\\handlers\\healthHandler.mjs": {"path":"C:\\Users\\TharakaDilshan\\Downloads\\staff-management-system\\leave_management_lambda\\handlers\\healthHandler.mjs","statementMap":{"0":{"start":{"line":1,"column":33},"end":{"line":32,"column":3}},"1":{"start":{"line":2,"column":4},"end":{"line":31,"column":5}},"2":{"start":{"line":4,"column":21},"end":{"line":4,"column":67}},"3":{"start":{"line":6,"column":6},"end":{"line":19,"column":8}},"4":{"start":{"line":21,"column":6},"end":{"line":21,"column":50}},"5":{"start":{"line":22,"column":6},"end":{"line":30,"column":8}}},"fnMap":{"0":{"name":"(anonymous_0)","decl":{"start":{"line":1,"column":33},"end":{"line":1,"column":34}},"loc":{"start":{"line":1,"column":58},"end":{"line":32,"column":3}},"line":1}},"branchMap":{},"s":{"0":1,"1":2,"2":2,"3":1,"4":1,"5":1},"f":{"0":2},"b":{},"inputSourceMap":null,"_coverageSchema":"1a1c01bbd47fc00a2c39e90264f33305004495a9","hash":"71ecbb1046465420d9cd69efc4254ec7955fd70c"}
,"C:\\Users\\TharakaDilshan\\Downloads\\staff-management-system\\leave_management_lambda\\handlers\\leaveBalanceHandler.mjs": {"path":"C:\\Users\\TharakaDilshan\\Downloads\\staff-management-system\\leave_management_lambda\\handlers\\leaveBalanceHandler.mjs","statementMap":{"0":{"start":{"line":1,"column":34},"end":{"line":57,"column":3}},"1":{"start":{"line":2,"column":28},"end":{"line":2,"column":64}},"2":{"start":{"line":4,"column":4},"end":{"line":14,"column":5}},"3":{"start":{"line":5,"column":6},"end":{"line":13,"column":8}},"4":{"start":{"line":16,"column":30},"end":{"line":30,"column":5}},"5":{"start":{"line":32,"column":21},"end":{"line":32,"column":77}},"6":{"start":{"line":33,"column":24},"end":{"line":33,"column":87}},"7":{"start":{"line":35,"column":29},"end":{"line":42,"column":7}},"8":{"start":{"line":35,"column":55},"end":{"line":42,"column":5}},"9":{"start":{"line":44,"column":4},"end":{"line":56,"column":6}}},"fnMap":{"0":{"name":"(anonymous_0)","decl":{"start":{"line":1,"column":34},"end":{"line":1,"column":35}},"loc":{"start":{"line":1,"column":59},"end":{"line":57,"column":3}},"line":1},"1":{"name":"(anonymous_1)","decl":{"start":{"line":35,"column":47},"end":{"line":35,"column":48}},"loc":{"start":{"line":35,"column":55},"end":{"line":42,"column":5}},"line":35}},"branchMap":{"0":{"loc":{"start":{"line":4,"column":4},"end":{"line":14,"column":5}},"type":"if","locations":[{"start":{"line":4,"column":4},"end":{"line":14,"column":5}},{"start":{},"end":{}}],"line":4},"1":{"loc":{"start":{"line":33,"column":24},"end":{"line":33,"column":87}},"type":"cond-expr","locations":[{"start":{"line":33,"column":51},"end":{"line":33,"column":80}},{"start":{"line":33,"column":83},"end":{"line":33,"column":87}}],"line":33}},"s":{"0":1,"1":3,"2":3,"3":1,"4":2,"5":2,"6":2,"7":2,"8":2,"9":2},"f":{"0":3,"1":2},"b":{"0":[1,2],"1":[1,1]},"inputSourceMap":null,"_coverageSchema":"1a1c01bbd47fc00a2c39e90264f33305004495a9","hash":"78d8dfc926ed02f421c46e5355e319c849903a28"}
,"C:\\Users\\TharakaDilshan\\Downloads\\staff-management-system\\leave_management_lambda\\handlers\\leaveRequestPatchHandler.mjs": {"path":"C:\\Users\\TharakaDilshan\\Downloads\\staff-management-system\\leave_management_lambda\\handlers\\leaveRequestPatchHandler.mjs","statementMap":{"0":{"start":{"line":4,"column":25},"end":{"line":4,"column":56}},"1":{"start":{"line":5,"column":2},"end":{"line":15,"column":3}},"2":{"start":{"line":6,"column":4},"end":{"line":14,"column":6}},"3":{"start":{"line":17,"column":13},"end":{"line":17,"column":15}},"4":{"start":{"line":18,"column":2},"end":{"line":30,"column":3}},"5":{"start":{"line":19,"column":4},"end":{"line":19,"column":52}},"6":{"start":{"line":21,"column":4},"end":{"line":29,"column":6}},"7":{"start":{"line":32,"column":30},"end":{"line":32,"column":34}},"8":{"start":{"line":34,"column":2},"end":{"line":44,"column":3}},"9":{"start":{"line":35,"column":4},"end":{"line":43,"column":6}},"10":{"start":{"line":46,"column":2},"end":{"line":184,"column":3}},"11":{"start":{"line":47,"column":4},"end":{"line":47,"column":32}},"12":{"start":{"line":50,"column":21},"end":{"line":53,"column":5}},"13":{"start":{"line":55,"column":4},"end":{"line":66,"column":5}},"14":{"start":{"line":56,"column":6},"end":{"line":56,"column":37}},"15":{"start":{"line":57,"column":6},"end":{"line":65,"column":8}},"16":{"start":{"line":68,"column":25},"end":{"line":68,"column":41}},"17":{"start":{"line":71,"column":23},"end":{"line":71,"column":68}},"18":{"start":{"line":72,"column":27},"end":{"line":75,"column":5}},"19":{"start":{"line":77,"column":4},"end":{"line":88,"column":5}},"20":{"start":{"line":78,"column":6},"end":{"line":78,"column":37}},"21":{"start":{"line":79,"column":6},"end":{"line":87,"column":8}},"22":{"start":{"line":90,"column":23},"end":{"line":90,"column":53}},"23":{"start":{"line":93,"column":4},"end":{"line":137,"column":5}},"24":{"start":{"line":94,"column":25},"end":{"line":99,"column":7}},"25":{"start":{"line":101,"column":6},"end":{"line":112,"column":7}},"26":{"start":{"line":102,"column":8},"end":{"line":102,"column":39}},"27":{"start":{"line":103,"column":8},"end":{"line":111,"column":10}},"28":{"start":{"line":114,"column":22},"end":{"line":114,"column":40}},"29":{"start":{"line":116,"column":6},"end":{"line":127,"column":7}},"30":{"start":{"line":117,"column":8},"end":{"line":117,"column":39}},"31":{"start":{"line":118,"column":8},"end":{"line":126,"column":10}},"32":{"start":{"line":130,"column":6},"end":{"line":136,"column":8}},"33":{"start":{"line":140,"column":30},"end":{"line":149,"column":5}},"34":{"start":{"line":152,"column":4},"end":{"line":156,"column":6}},"35":{"start":{"line":158,"column":4},"end":{"line":158,"column":33}},"36":{"start":{"line":160,"column":4},"end":{"line":171,"column":6}},"37":{"start":{"line":173,"column":4},"end":{"line":173,"column":35}},"38":{"start":{"line":174,"column":4},"end":{"line":174,"column":55}},"39":{"start":{"line":175,"column":4},"end":{"line":183,"column":6}}},"fnMap":{"0":{"name":"handleLeaveRequestPatch","decl":{"start":{"line":3,"column":22},"end":{"line":3,"column":45}},"loc":{"start":{"line":3,"column":61},"end":{"line":185,"column":1}},"line":3}},"branchMap":{"0":{"loc":{"start":{"line":5,"column":2},"end":{"line":15,"column":3}},"type":"if","locations":[{"start":{"line":5,"column":2},"end":{"line":15,"column":3}},{"start":{},"end":{}}],"line":5},"1":{"loc":{"start":{"line":19,"column":11},"end":{"line":19,"column":51}},"type":"cond-expr","locations":[{"start":{"line":19,"column":24},"end":{"line":19,"column":46}},{"start":{"line":19,"column":49},"end":{"line":19,"column":51}}],"line":19},"2":{"loc":{"start":{"line":34,"column":2},"end":{"line":44,"column":3}},"type":"if","locations":[{"start":{"line":34,"column":2},"end":{"line":44,"column":3}},{"start":{},"end":{}}],"line":34},"3":{"loc":{"start":{"line":34,"column":6},"end":{"line":34,"column":72}},"type":"binary-expr","locations":[{"start":{"line":34,"column":6},"end":{"line":34,"column":13}},{"start":{"line":34,"column":17},"end":{"line":34,"column":72}}],"line":34},"4":{"loc":{"start":{"line":55,"column":4},"end":{"line":66,"column":5}},"type":"if","locations":[{"start":{"line":55,"column":4},"end":{"line":66,"column":5}},{"start":{},"end":{}}],"line":55},"5":{"loc":{"start":{"line":77,"column":4},"end":{"line":88,"column":5}},"type":"if","locations":[{"start":{"line":77,"column":4},"end":{"line":88,"column":5}},{"start":{},"end":{}}],"line":77},"6":{"loc":{"start":{"line":93,"column":4},"end":{"line":137,"column":5}},"type":"if","locations":[{"start":{"line":93,"column":4},"end":{"line":137,"column":5}},{"start":{},"end":{}}],"line":93},"7":{"loc":{"start":{"line":101,"column":6},"end":{"line":112,"column":7}},"type":"if","locations":[{"start":{"line":101,"column":6},"end":{"line":112,"column":7}},{"start":{},"end":{}}],"line":101},"8":{"loc":{"start":{"line":116,"column":6},"end":{"line":127,"column":7}},"type":"if","locations":[{"start":{"line":116,"column":6},"end":{"line":127,"column":7}},{"start":{},"end":{}}],"line":116},"9":{"loc":{"start":{"line":155,"column":43},"end":{"line":155,"column":58}},"type":"binary-expr","locations":[{"start":{"line":155,"column":43},"end":{"line":155,"column":50}},{"start":{"line":155,"column":54},"end":{"line":155,"column":58}}],"line":155}},"s":{"0":8,"1":8,"2":1,"3":7,"4":7,"5":7,"6":1,"7":6,"8":6,"9":1,"10":5,"11":5,"12":5,"13":5,"14":1,"15":1,"16":4,"17":4,"18":4,"19":4,"20":1,"21":1,"22":3,"23":3,"24":3,"25":3,"26":1,"27":1,"28":2,"29":2,"30":1,"31":1,"32":1,"33":1,"34":1,"35":1,"36":1,"37":0,"38":0,"39":0},"f":{"0":8},"b":{"0":[1,7],"1":[7,0],"2":[1,5],"3":[6,6],"4":[1,4],"5":[1,3],"6":[3,0],"7":[1,2],"8":[1,1],"9":[1,0]},"inputSourceMap":null,"_coverageSchema":"1a1c01bbd47fc00a2c39e90264f33305004495a9","hash":"be686c062c28a108605b8f23a016ed155712c270"}
,"C:\\Users\\TharakaDilshan\\Downloads\\staff-management-system\\leave_management_lambda\\handlers\\leaveRequestsHandler.mjs": {"path":"C:\\Users\\TharakaDilshan\\Downloads\\staff-management-system\\leave_management_lambda\\handlers\\leaveRequestsHandler.mjs","statementMap":{"0":{"start":{"line":2,"column":2},"end":{"line":15,"column":3}},"1":{"start":{"line":3,"column":4},"end":{"line":14,"column":6}},"2":{"start":{"line":25,"column":6},"end":{"line":25,"column":17}},"3":{"start":{"line":28,"column":18},"end":{"line":28,"column":35}},"4":{"start":{"line":29,"column":18},"end":{"line":29,"column":36}},"5":{"start":{"line":30,"column":17},"end":{"line":30,"column":40}},"6":{"start":{"line":33,"column":18},"end":{"line":50,"column":3}},"7":{"start":{"line":52,"column":17},"end":{"line":52,"column":19}},"8":{"start":{"line":53,"column":14},"end":{"line":53,"column":15}},"9":{"start":{"line":55,"column":2},"end":{"line":58,"column":3}},"10":{"start":{"line":56,"column":4},"end":{"line":56,"column":49}},"11":{"start":{"line":57,"column":4},"end":{"line":57,"column":25}},"12":{"start":{"line":60,"column":2},"end":{"line":63,"column":3}},"13":{"start":{"line":61,"column":4},"end":{"line":61,"column":48}},"14":{"start":{"line":62,"column":4},"end":{"line":62,"column":24}},"15":{"start":{"line":65,"column":2},"end":{"line":79,"column":3}},"16":{"start":{"line":66,"column":4},"end":{"line":70,"column":7}},"17":{"start":{"line":71,"column":4},"end":{"line":71,"column":38}},"18":{"start":{"line":72,"column":4},"end":{"line":72,"column":15}},"19":{"start":{"line":73,"column":9},"end":{"line":79,"column":3}},"20":{"start":{"line":74,"column":4},"end":{"line":74,"column":53}},"21":{"start":{"line":75,"column":4},"end":{"line":75,"column":28}},"22":{"start":{"line":76,"column":9},"end":{"line":79,"column":3}},"23":{"start":{"line":77,"column":4},"end":{"line":77,"column":51}},"24":{"start":{"line":78,"column":4},"end":{"line":78,"column":26}},"25":{"start":{"line":82,"column":25},"end":{"line":82,"column":104}},"26":{"start":{"line":83,"column":2},"end":{"line":83,"column":31}},"27":{"start":{"line":85,"column":17},"end":{"line":85,"column":59}},"28":{"start":{"line":88,"column":19},"end":{"line":92,"column":3}},"29":{"start":{"line":93,"column":22},"end":{"line":93,"column":24}},"30":{"start":{"line":94,"column":10},"end":{"line":94,"column":11}},"31":{"start":{"line":96,"column":2},"end":{"line":99,"column":3}},"32":{"start":{"line":97,"column":4},"end":{"line":97,"column":46}},"33":{"start":{"line":98,"column":4},"end":{"line":98,"column":30}},"34":{"start":{"line":100,"column":2},"end":{"line":103,"column":3}},"35":{"start":{"line":101,"column":4},"end":{"line":101,"column":45}},"36":{"start":{"line":102,"column":4},"end":{"line":102,"column":29}},"37":{"start":{"line":104,"column":2},"end":{"line":118,"column":3}},"38":{"start":{"line":105,"column":4},"end":{"line":109,"column":7}},"39":{"start":{"line":110,"column":4},"end":{"line":110,"column":43}},"40":{"start":{"line":111,"column":4},"end":{"line":111,"column":11}},"41":{"start":{"line":112,"column":9},"end":{"line":118,"column":3}},"42":{"start":{"line":113,"column":4},"end":{"line":113,"column":50}},"43":{"start":{"line":114,"column":4},"end":{"line":114,"column":33}},"44":{"start":{"line":115,"column":9},"end":{"line":118,"column":3}},"45":{"start":{"line":116,"column":4},"end":{"line":116,"column":48}},"46":{"start":{"line":117,"column":4},"end":{"line":117,"column":31}},"47":{"start":{"line":120,"column":22},"end":{"line":120,"column":65}},"48":{"start":{"line":121,"column":16},"end":{"line":121,"column":55}},"49":{"start":{"line":123,"column":2},"end":{"line":142,"column":4}}},"fnMap":{"0":{"name":"handleLeaveRequests","decl":{"start":{"line":1,"column":22},"end":{"line":1,"column":41}},"loc":{"start":{"line":1,"column":71},"end":{"line":143,"column":1}},"line":1}},"branchMap":{"0":{"loc":{"start":{"line":2,"column":2},"end":{"line":15,"column":3}},"type":"if","locations":[{"start":{"line":2,"column":2},"end":{"line":15,"column":3}},{"start":{},"end":{}}],"line":2},"1":{"loc":{"start":{"line":23,"column":4},"end":{"line":23,"column":12}},"type":"default-arg","locations":[{"start":{"line":23,"column":11},"end":{"line":23,"column":12}}],"line":23},"2":{"loc":{"start":{"line":24,"column":4},"end":{"line":24,"column":13}},"type":"default-arg","locations":[{"start":{"line":24,"column":11},"end":{"line":24,"column":13}}],"line":24},"3":{"loc":{"start":{"line":28,"column":18},"end":{"line":28,"column":35}},"type":"binary-expr","locations":[{"start":{"line":28,"column":18},"end":{"line":28,"column":30}},{"start":{"line":28,"column":34},"end":{"line":28,"column":35}}],"line":28},"4":{"loc":{"start":{"line":29,"column":18},"end":{"line":29,"column":36}},"type":"binary-expr","locations":[{"start":{"line":29,"column":18},"end":{"line":29,"column":30}},{"start":{"line":29,"column":34},"end":{"line":29,"column":36}}],"line":29},"5":{"loc":{"start":{"line":55,"column":2},"end":{"line":58,"column":3}},"type":"if","locations":[{"start":{"line":55,"column":2},"end":{"line":58,"column":3}},{"start":{},"end":{}}],"line":55},"6":{"loc":{"start":{"line":60,"column":2},"end":{"line":63,"column":3}},"type":"if","locations":[{"start":{"line":60,"column":2},"end":{"line":63,"column":3}},{"start":{},"end":{}}],"line":60},"7":{"loc":{"start":{"line":65,"column":2},"end":{"line":79,"column":3}},"type":"if","locations":[{"start":{"line":65,"column":2},"end":{"line":79,"column":3}},{"start":{"line":73,"column":9},"end":{"line":79,"column":3}}],"line":65},"8":{"loc":{"start":{"line":65,"column":6},"end":{"line":65,"column":28}},"type":"binary-expr","locations":[{"start":{"line":65,"column":6},"end":{"line":65,"column":16}},{"start":{"line":65,"column":20},"end":{"line":65,"column":28}}],"line":65},"9":{"loc":{"start":{"line":73,"column":9},"end":{"line":79,"column":3}},"type":"if","locations":[{"start":{"line":73,"column":9},"end":{"line":79,"column":3}},{"start":{"line":76,"column":9},"end":{"line":79,"column":3}}],"line":73},"10":{"loc":{"start":{"line":76,"column":9},"end":{"line":79,"column":3}},"type":"if","locations":[{"start":{"line":76,"column":9},"end":{"line":79,"column":3}},{"start":{},"end":{}}],"line":76},"11":{"loc":{"start":{"line":96,"column":2},"end":{"line":99,"column":3}},"type":"if","locations":[{"start":{"line":96,"column":2},"end":{"line":99,"column":3}},{"start":{},"end":{}}],"line":96},"12":{"loc":{"start":{"line":100,"column":2},"end":{"line":103,"column":3}},"type":"if","locations":[{"start":{"line":100,"column":2},"end":{"line":103,"column":3}},{"start":{},"end":{}}],"line":100},"13":{"loc":{"start":{"line":104,"column":2},"end":{"line":118,"column":3}},"type":"if","locations":[{"start":{"line":104,"column":2},"end":{"line":118,"column":3}},{"start":{"line":112,"column":9},"end":{"line":118,"column":3}}],"line":104},"14":{"loc":{"start":{"line":104,"column":6},"end":{"line":104,"column":28}},"type":"binary-expr","locations":[{"start":{"line":104,"column":6},"end":{"line":104,"column":16}},{"start":{"line":104,"column":20},"end":{"line":104,"column":28}}],"line":104},"15":{"loc":{"start":{"line":112,"column":9},"end":{"line":118,"column":3}},"type":"if","locations":[{"start":{"line":112,"column":9},"end":{"line":118,"column":3}},{"start":{"line":115,"column":9},"end":{"line":118,"column":3}}],"line":112},"16":{"loc":{"start":{"line":115,"column":9},"end":{"line":118,"column":3}},"type":"if","locations":[{"start":{"line":115,"column":9},"end":{"line":118,"column":3}},{"start":{},"end":{}}],"line":115}},"s":{"0":4,"1":1,"2":3,"3":3,"4":3,"5":3,"6":3,"7":3,"8":3,"9":3,"10":1,"11":1,"12":3,"13":0,"14":0,"15":3,"16":1,"17":1,"18":1,"19":2,"20":0,"21":0,"22":2,"23":0,"24":0,"25":3,"26":3,"27":3,"28":3,"29":3,"30":3,"31":3,"32":1,"33":1,"34":3,"35":0,"36":0,"37":3,"38":1,"39":1,"40":1,"41":2,"42":0,"43":0,"44":2,"45":0,"46":0,"47":3,"48":3,"49":3},"f":{"0":4},"b":{"0":[1,3],"1":[2],"2":[2],"3":[3,0],"4":[3,0],"5":[1,2],"6":[0,3],"7":[1,2],"8":[3,1],"9":[0,2],"10":[0,2],"11":[1,2],"12":[0,3],"13":[1,2],"14":[3,1],"15":[0,2],"16":[0,2]},"inputSourceMap":null,"_coverageSchema":"1a1c01bbd47fc00a2c39e90264f33305004495a9","hash":"ed6681f7436882fa04440b48b2fd8c38665db684"}
,"C:\\Users\\TharakaDilshan\\Downloads\\staff-management-system\\leave_management_lambda\\handlers\\leaveRequestsPostHandler.mjs": {"path":"C:\\Users\\TharakaDilshan\\Downloads\\staff-management-system\\leave_management_lambda\\handlers\\leaveRequestsPostHandler.mjs","statementMap":{"0":{"start":{"line":2,"column":17},"end":{"line":2,"column":47}},"1":{"start":{"line":3,"column":71},"end":{"line":3,"column":75}},"2":{"start":{"line":5,"column":4},"end":{"line":15,"column":5}},"3":{"start":{"line":6,"column":6},"end":{"line":14,"column":8}},"4":{"start":{"line":18,"column":4},"end":{"line":28,"column":5}},"5":{"start":{"line":19,"column":6},"end":{"line":27,"column":8}},"6":{"start":{"line":30,"column":4},"end":{"line":131,"column":5}},"7":{"start":{"line":32,"column":25},"end":{"line":36,"column":7}},"8":{"start":{"line":38,"column":6},"end":{"line":48,"column":7}},"9":{"start":{"line":39,"column":8},"end":{"line":47,"column":10}},"10":{"start":{"line":50,"column":28},"end":{"line":50,"column":61}},"11":{"start":{"line":51,"column":24},"end":{"line":51,"column":106}},"12":{"start":{"line":53,"column":6},"end":{"line":63,"column":7}},"13":{"start":{"line":54,"column":8},"end":{"line":62,"column":10}},"14":{"start":{"line":66,"column":25},"end":{"line":76,"column":7}},"15":{"start":{"line":78,"column":6},"end":{"line":88,"column":7}},"16":{"start":{"line":79,"column":8},"end":{"line":87,"column":10}},"17":{"start":{"line":91,"column":24},"end":{"line":95,"column":7}},"18":{"start":{"line":97,"column":23},"end":{"line":97,"column":40}},"19":{"start":{"line":100,"column":6},"end":{"line":104,"column":8}},"20":{"start":{"line":106,"column":6},"end":{"line":118,"column":8}},"21":{"start":{"line":121,"column":6},"end":{"line":121,"column":56}},"22":{"start":{"line":122,"column":6},"end":{"line":130,"column":8}}},"fnMap":{"0":{"name":"handleLeaveRequestsPOST","decl":{"start":{"line":1,"column":22},"end":{"line":1,"column":45}},"loc":{"start":{"line":1,"column":61},"end":{"line":132,"column":3}},"line":1}},"branchMap":{"0":{"loc":{"start":{"line":2,"column":28},"end":{"line":2,"column":46}},"type":"binary-expr","locations":[{"start":{"line":2,"column":28},"end":{"line":2,"column":38}},{"start":{"line":2,"column":42},"end":{"line":2,"column":46}}],"line":2},"1":{"loc":{"start":{"line":5,"column":4},"end":{"line":15,"column":5}},"type":"if","locations":[{"start":{"line":5,"column":4},"end":{"line":15,"column":5}},{"start":{},"end":{}}],"line":5},"2":{"loc":{"start":{"line":5,"column":8},"end":{"line":5,"column":64}},"type":"binary-expr","locations":[{"start":{"line":5,"column":8},"end":{"line":5,"column":16}},{"start":{"line":5,"column":20},"end":{"line":5,"column":36}},{"start":{"line":5,"column":40},"end":{"line":5,"column":51}},{"start":{"line":5,"column":55},"end":{"line":5,"column":64}}],"line":5},"3":{"loc":{"start":{"line":18,"column":4},"end":{"line":28,"column":5}},"type":"if","locations":[{"start":{"line":18,"column":4},"end":{"line":28,"column":5}},{"start":{},"end":{}}],"line":18},"4":{"loc":{"start":{"line":38,"column":6},"end":{"line":48,"column":7}},"type":"if","locations":[{"start":{"line":38,"column":6},"end":{"line":48,"column":7}},{"start":{},"end":{}}],"line":38},"5":{"loc":{"start":{"line":53,"column":6},"end":{"line":63,"column":7}},"type":"if","locations":[{"start":{"line":53,"column":6},"end":{"line":63,"column":7}},{"start":{},"end":{}}],"line":53},"6":{"loc":{"start":{"line":78,"column":6},"end":{"line":88,"column":7}},"type":"if","locations":[{"start":{"line":78,"column":6},"end":{"line":88,"column":7}},{"start":{},"end":{}}],"line":78},"7":{"loc":{"start":{"line":94,"column":57},"end":{"line":94,"column":71}},"type":"binary-expr","locations":[{"start":{"line":94,"column":57},"end":{"line":94,"column":63}},{"start":{"line":94,"column":67},"end":{"line":94,"column":71}}],"line":94}},"s":{"0":7,"1":7,"2":7,"3":1,"4":6,"5":1,"6":5,"7":5,"8":4,"9":1,"10":3,"11":3,"12":3,"13":1,"14":2,"15":2,"16":1,"17":1,"18":1,"19":1,"20":1,"21":1,"22":1},"f":{"0":7},"b":{"0":[7,0],"1":[1,6],"2":[7,7,6,6],"3":[1,5],"4":[1,3],"5":[1,2],"6":[1,1],"7":[1,0]},"inputSourceMap":null,"_coverageSchema":"1a1c01bbd47fc00a2c39e90264f33305004495a9","hash":"60c2fb529e0fe22b9968abd137c038ce5b303234"}
,"C:\\Users\\TharakaDilshan\\Downloads\\staff-management-system\\leave_management_lambda\\handlers\\leaveSummaryReportHandler.mjs": {"path":"C:\\Users\\TharakaDilshan\\Downloads\\staff-management-system\\leave_management_lambda\\handlers\\leaveSummaryReportHandler.mjs","statementMap":{"0":{"start":{"line":3,"column":18},"end":{"line":3,"column":51}},"1":{"start":{"line":4,"column":46},"end":{"line":4,"column":51}},"2":{"start":{"line":6,"column":4},"end":{"line":16,"column":5}},"3":{"start":{"line":7,"column":6},"end":{"line":15,"column":8}},"4":{"start":{"line":18,"column":4},"end":{"line":105,"column":5}},"5":{"start":{"line":20,"column":30},"end":{"line":43,"column":7}},"6":{"start":{"line":46,"column":28},"end":{"line":59,"column":7}},"7":{"start":{"line":62,"column":28},"end":{"line":62,"column":30}},"8":{"start":{"line":63,"column":6},"end":{"line":69,"column":9}},"9":{"start":{"line":64,"column":8},"end":{"line":68,"column":10}},"10":{"start":{"line":72,"column":21},"end":{"line":79,"column":9}},"11":{"start":{"line":72,"column":54},"end":{"line":79,"column":7}},"12":{"start":{"line":81,"column":6},"end":{"line":93,"column":8}},"13":{"start":{"line":95,"column":6},"end":{"line":95,"column":58}},"14":{"start":{"line":96,"column":6},"end":{"line":104,"column":8}}},"fnMap":{"0":{"name":"handleLeaveSummaryReport","decl":{"start":{"line":2,"column":22},"end":{"line":2,"column":46}},"loc":{"start":{"line":2,"column":62},"end":{"line":106,"column":3}},"line":2},"1":{"name":"(anonymous_1)","decl":{"start":{"line":63,"column":33},"end":{"line":63,"column":34}},"loc":{"start":{"line":63,"column":40},"end":{"line":69,"column":7}},"line":63},"2":{"name":"(anonymous_2)","decl":{"start":{"line":72,"column":46},"end":{"line":72,"column":47}},"loc":{"start":{"line":72,"column":54},"end":{"line":79,"column":7}},"line":72}},"branchMap":{"0":{"loc":{"start":{"line":3,"column":18},"end":{"line":3,"column":51}},"type":"binary-expr","locations":[{"start":{"line":3,"column":18},"end":{"line":3,"column":45}},{"start":{"line":3,"column":49},"end":{"line":3,"column":51}}],"line":3},"1":{"loc":{"start":{"line":6,"column":4},"end":{"line":16,"column":5}},"type":"if","locations":[{"start":{"line":6,"column":4},"end":{"line":16,"column":5}},{"start":{},"end":{}}],"line":6},"2":{"loc":{"start":{"line":6,"column":8},"end":{"line":6,"column":32}},"type":"binary-expr","locations":[{"start":{"line":6,"column":8},"end":{"line":6,"column":19}},{"start":{"line":6,"column":23},"end":{"line":6,"column":32}}],"line":6},"3":{"loc":{"start":{"line":42,"column":31},"end":{"line":42,"column":46}},"type":"binary-expr","locations":[{"start":{"line":42,"column":31},"end":{"line":42,"column":38}},{"start":{"line":42,"column":42},"end":{"line":42,"column":46}}],"line":42},"4":{"loc":{"start":{"line":58,"column":31},"end":{"line":58,"column":46}},"type":"binary-expr","locations":[{"start":{"line":58,"column":31},"end":{"line":58,"column":38}},{"start":{"line":58,"column":42},"end":{"line":58,"column":46}}],"line":58},"5":{"loc":{"start":{"line":78,"column":20},"end":{"line":78,"column":103}},"type":"binary-expr","locations":[{"start":{"line":78,"column":20},"end":{"line":78,"column":46}},{"start":{"line":78,"column":50},"end":{"line":78,"column":103}}],"line":78}},"s":{"0":5,"1":5,"2":5,"3":1,"4":4,"5":4,"6":3,"7":3,"8":3,"9":3,"10":3,"11":4,"12":3,"13":1,"14":1},"f":{"0":5,"1":3,"2":4},"b":{"0":[5,0],"1":[1,4],"2":[5,5],"3":[4,3],"4":[3,2],"5":[4,1]},"inputSourceMap":null,"_coverageSchema":"1a1c01bbd47fc00a2c39e90264f33305004495a9","hash":"37046560aab177c980fdbd9b7dcc42dbcdc8d7da"}
,"C:\\Users\\TharakaDilshan\\Downloads\\staff-management-system\\leave_management_lambda\\handlers\\usersMeHandler.mjs": {"path":"C:\\Users\\TharakaDilshan\\Downloads\\staff-management-system\\leave_management_lambda\\handlers\\usersMeHandler.mjs","statementMap":{"0":{"start":{"line":5,"column":2},"end":{"line":35,"column":3}},"1":{"start":{"line":7,"column":28},"end":{"line":7,"column":57}},"2":{"start":{"line":9,"column":4},"end":{"line":23,"column":6}},"3":{"start":{"line":25,"column":4},"end":{"line":25,"column":49}},"4":{"start":{"line":26,"column":4},"end":{"line":34,"column":6}}},"fnMap":{"0":{"name":"handleUsersMe","decl":{"start":{"line":4,"column":22},"end":{"line":4,"column":35}},"loc":{"start":{"line":4,"column":51},"end":{"line":36,"column":1}},"line":4}},"branchMap":{},"s":{"0":2,"1":2,"2":1,"3":1,"4":1},"f":{"0":2},"b":{},"inputSourceMap":null,"_coverageSchema":"1a1c01bbd47fc00a2c39e90264f33305004495a9","hash":"65f03d26da0ac7b2ae42a8d1db5f044d105d1220"}
}
