TN:
SF:handlers\attendanceHandler.mjs
FN:3,handleClockIn
FN:48,handleClockOut
FNF:2
FNH:2
FNDA:3,handleClockIn
FNDA:3,handleClockOut
DA:4,3
DA:5,3
DA:6,1
DA:17,2
DA:23,2
DA:24,2
DA:25,1
DA:35,1
DA:36,1
DA:49,3
DA:50,3
DA:51,1
DA:62,2
DA:68,2
DA:69,2
DA:70,1
DA:80,1
DA:81,1
LF:18
LH:18
BRDA:5,0,0,1
BRDA:5,0,1,2
BRDA:50,1,0,1
BRDA:50,1,1,2
BRF:4
BRH:4
end_of_record
TN:
SF:handlers\attendanceLogHandler.mjs
FN:3,handleAttendanceLogs
FNF:1
FNH:1
FNDA:4,handleAttendanceLogs
DA:4,4
DA:6,4
DA:7,1
DA:18,3
DA:19,3
DA:20,3
DA:23,3
DA:28,3
DA:29,3
DA:31,3
DA:32,1
DA:33,1
DA:34,1
DA:35,2
DA:36,0
DA:37,0
DA:38,2
DA:39,0
DA:40,0
DA:43,3
DA:44,3
DA:46,3
DA:49,3
DA:50,3
DA:51,3
DA:53,3
DA:54,1
DA:55,1
DA:56,1
DA:57,2
DA:58,0
DA:59,0
DA:60,2
DA:61,0
DA:62,0
DA:65,3
DA:66,3
DA:68,3
LF:38
LH:30
BRDA:4,0,0,2
BRDA:4,1,0,2
BRDA:6,2,0,1
BRDA:6,2,1,3
BRDA:18,3,0,3
BRDA:18,3,1,0
BRDA:19,4,0,3
BRDA:19,4,1,0
BRDA:31,5,0,1
BRDA:31,5,1,2
BRDA:31,6,0,3
BRDA:31,6,1,1
BRDA:35,7,0,0
BRDA:35,7,1,2
BRDA:38,8,0,0
BRDA:38,8,1,2
BRDA:53,9,0,1
BRDA:53,9,1,2
BRDA:53,10,0,3
BRDA:53,10,1,1
BRDA:57,11,0,0
BRDA:57,11,1,2
BRDA:60,12,0,0
BRDA:60,12,1,2
BRF:24
BRH:18
end_of_record
TN:
SF:handlers\getUserDisplayName.mjs
FN:1,handleGetUserDisplayName
FNF:1
FNH:1
FNDA:4,handleGetUserDisplayName
DA:2,4
DA:4,4
DA:5,4
DA:7,3
DA:12,2
DA:13,1
DA:27,1
DA:40,1
DA:44,1
DA:55,1
DA:56,1
LF:11
LH:11
BRDA:5,0,0,3
BRDA:5,0,1,1
BRDA:12,1,0,1
BRDA:12,1,1,1
BRF:4
BRH:4
end_of_record
TN:
SF:handlers\healthHandler.mjs
FN:1,(anonymous_0)
FNF:1
FNH:1
FNDA:2,(anonymous_0)
DA:1,1
DA:2,2
DA:4,2
DA:6,1
DA:21,1
DA:22,1
LF:6
LH:6
BRF:0
BRH:0
end_of_record
TN:
SF:handlers\leaveBalanceHandler.mjs
FN:1,(anonymous_0)
FN:35,(anonymous_1)
FNF:2
FNH:2
FNDA:3,(anonymous_0)
FNDA:2,(anonymous_1)
DA:1,1
DA:2,3
DA:4,3
DA:5,1
DA:16,2
DA:32,2
DA:33,2
DA:35,2
DA:44,2
LF:9
LH:9
BRDA:4,0,0,1
BRDA:4,0,1,2
BRDA:33,1,0,1
BRDA:33,1,1,1
BRF:4
BRH:4
end_of_record
TN:
SF:handlers\leaveRequestPatchHandler.mjs
FN:3,handleLeaveRequestPatch
FNF:1
FNH:1
FNDA:8,handleLeaveRequestPatch
DA:4,8
DA:5,8
DA:6,1
DA:17,7
DA:18,7
DA:19,7
DA:21,1
DA:32,6
DA:34,6
DA:35,1
DA:46,5
DA:47,5
DA:50,5
DA:55,5
DA:56,1
DA:57,1
DA:68,4
DA:71,4
DA:72,4
DA:77,4
DA:78,1
DA:79,1
DA:90,3
DA:93,3
DA:94,3
DA:101,3
DA:102,1
DA:103,1
DA:114,2
DA:116,2
DA:117,1
DA:118,1
DA:130,1
DA:140,1
DA:152,1
DA:158,1
DA:160,1
DA:173,0
DA:174,0
DA:175,0
LF:40
LH:37
BRDA:5,0,0,1
BRDA:5,0,1,7
BRDA:19,1,0,7
BRDA:19,1,1,0
BRDA:34,2,0,1
BRDA:34,2,1,5
BRDA:34,3,0,6
BRDA:34,3,1,6
BRDA:55,4,0,1
BRDA:55,4,1,4
BRDA:77,5,0,1
BRDA:77,5,1,3
BRDA:93,6,0,3
BRDA:93,6,1,0
BRDA:101,7,0,1
BRDA:101,7,1,2
BRDA:116,8,0,1
BRDA:116,8,1,1
BRDA:155,9,0,1
BRDA:155,9,1,0
BRF:20
BRH:17
end_of_record
TN:
SF:handlers\leaveRequestsHandler.mjs
FN:1,handleLeaveRequests
FNF:1
FNH:1
FNDA:4,handleLeaveRequests
DA:2,4
DA:3,1
DA:25,3
DA:28,3
DA:29,3
DA:30,3
DA:33,3
DA:52,3
DA:53,3
DA:55,3
DA:56,1
DA:57,1
DA:60,3
DA:61,0
DA:62,0
DA:65,3
DA:66,1
DA:71,1
DA:72,1
DA:73,2
DA:74,0
DA:75,0
DA:76,2
DA:77,0
DA:78,0
DA:82,3
DA:83,3
DA:85,3
DA:88,3
DA:93,3
DA:94,3
DA:96,3
DA:97,1
DA:98,1
DA:100,3
DA:101,0
DA:102,0
DA:104,3
DA:105,1
DA:110,1
DA:111,1
DA:112,2
DA:113,0
DA:114,0
DA:115,2
DA:116,0
DA:117,0
DA:120,3
DA:121,3
DA:123,3
LF:50
LH:38
BRDA:2,0,0,1
BRDA:2,0,1,3
BRDA:23,1,0,2
BRDA:24,2,0,2
BRDA:28,3,0,3
BRDA:28,3,1,0
BRDA:29,4,0,3
BRDA:29,4,1,0
BRDA:55,5,0,1
BRDA:55,5,1,2
BRDA:60,6,0,0
BRDA:60,6,1,3
BRDA:65,7,0,1
BRDA:65,7,1,2
BRDA:65,8,0,3
BRDA:65,8,1,1
BRDA:73,9,0,0
BRDA:73,9,1,2
BRDA:76,10,0,0
BRDA:76,10,1,2
BRDA:96,11,0,1
BRDA:96,11,1,2
BRDA:100,12,0,0
BRDA:100,12,1,3
BRDA:104,13,0,1
BRDA:104,13,1,2
BRDA:104,14,0,3
BRDA:104,14,1,1
BRDA:112,15,0,0
BRDA:112,15,1,2
BRDA:115,16,0,0
BRDA:115,16,1,2
BRF:32
BRH:24
end_of_record
TN:
SF:handlers\leaveRequestsPostHandler.mjs
FN:1,handleLeaveRequestsPOST
FNF:1
FNH:1
FNDA:7,handleLeaveRequestsPOST
DA:2,7
DA:3,7
DA:5,7
DA:6,1
DA:18,6
DA:19,1
DA:30,5
DA:32,5
DA:38,4
DA:39,1
DA:50,3
DA:51,3
DA:53,3
DA:54,1
DA:66,2
DA:78,2
DA:79,1
DA:91,1
DA:97,1
DA:100,1
DA:106,1
DA:121,1
DA:122,1
LF:23
LH:23
BRDA:2,0,0,7
BRDA:2,0,1,0
BRDA:5,1,0,1
BRDA:5,1,1,6
BRDA:5,2,0,7
BRDA:5,2,1,7
BRDA:5,2,2,6
BRDA:5,2,3,6
BRDA:18,3,0,1
BRDA:18,3,1,5
BRDA:38,4,0,1
BRDA:38,4,1,3
BRDA:53,5,0,1
BRDA:53,5,1,2
BRDA:78,6,0,1
BRDA:78,6,1,1
BRDA:94,7,0,1
BRDA:94,7,1,0
BRF:18
BRH:16
end_of_record
TN:
SF:handlers\leaveSummaryReportHandler.mjs
FN:2,handleLeaveSummaryReport
FN:63,(anonymous_1)
FN:72,(anonymous_2)
FNF:3
FNH:3
FNDA:5,handleLeaveSummaryReport
FNDA:3,(anonymous_1)
FNDA:4,(anonymous_2)
DA:3,5
DA:4,5
DA:6,5
DA:7,1
DA:18,4
DA:20,4
DA:46,3
DA:62,3
DA:63,3
DA:64,3
DA:72,4
DA:81,3
DA:95,1
DA:96,1
LF:14
LH:14
BRDA:3,0,0,5
BRDA:3,0,1,0
BRDA:6,1,0,1
BRDA:6,1,1,4
BRDA:6,2,0,5
BRDA:6,2,1,5
BRDA:42,3,0,4
BRDA:42,3,1,3
BRDA:58,4,0,3
BRDA:58,4,1,2
BRDA:78,5,0,4
BRDA:78,5,1,1
BRF:12
BRH:11
end_of_record
TN:
SF:handlers\usersMeHandler.mjs
FN:4,handleUsersMe
FNF:1
FNH:1
FNDA:2,handleUsersMe
DA:5,2
DA:7,2
DA:9,1
DA:25,1
DA:26,1
LF:5
LH:5
BRF:0
BRH:0
end_of_record
