{
  "stats": {
    "suites": 1,
    "tests": 5,
    "passes": 5,
    "pending": 0,
    "failures": 0,
    "start": "2025-11-25T05:16:15.470Z",
    "end": "2025-11-25T05:16:45.190Z",
    "duration": 29720,
    "testsRegistered": 5,
    "passPercent": 100,
    "pendingPercent": 0,
    "other": 0,
    "hasOther": false,
    "skipped": 0,
    "hasSkipped": false
  },
  "results": [
    {
      "uuid": "1d2f3096-41af-4bae-83fe-d0c7480f0d5d",
      "title": "",
      "fullFile": "C:\\Users\\TharakaDilshan\\Downloads\\staff-management-system\\react-app\\tests\\room_booking\\room_booking.test.js",
      "file": "\\tests\\room_booking\\room_booking.test.js",
      "beforeHooks": [],
      "afterHooks": [],
      "tests": [],
      "suites": [
        {
          "uuid": "d58008cd-a25d-4905-81b3-304f561d4f90",
          "title": "Admin Dashboard & Room Booking Tabs Test",
          "fullFile": "C:\\Users\\TharakaDilshan\\Downloads\\staff-management-system\\react-app\\tests\\room_booking\\room_booking.test.js",
          "file": "\\tests\\room_booking\\room_booking.test.js",
          "beforeHooks": [
            {
              "title": "\"before all\" hook in \"Admin Dashboard & Room Booking Tabs Test\"",
              "fullTitle": "Admin Dashboard & Room Booking Tabs Test \"before all\" hook in \"Admin Dashboard & Room Booking Tabs Test\"",
              "timedOut": false,
              "duration": 24298,
              "state": null,
              "speed": null,
              "pass": false,
              "fail": false,
              "pending": false,
              "context": null,
              "code": "driver = await new Builder().forBrowser(\"chrome\").build();\n// Step 1: Go to Login page\nawait driver.get(BASE_URL);\n// Step 2: Click \"Sign in with Cognito\"\nconst loginButton = await driver.findElement(By.css(\"button\"));\nawait loginButton.click();\nconsole.log(\"Please manually enter your Cognito credentials in the browser...\");\n// Step 3: Wait for dashboard to load\nconst dashboardTitle = await driver.wait(\n  until.elementLocated(By.id(\"dashboard-title\")),\n  60000\n);\nconst titleText = await dashboardTitle.getText();\nassert.strictEqual(titleText, \"Admin Portal\");\nconsole.log(\"Login successful, dashboard loaded!\");",
              "err": {},
              "uuid": "7eb8a433-6184-48b1-8ccf-632ab39f5bdc",
              "parentUUID": "d58008cd-a25d-4905-81b3-304f561d4f90",
              "isHook": true,
              "skipped": false
            }
          ],
          "afterHooks": [
            {
              "title": "\"after all\" hook in \"Admin Dashboard & Room Booking Tabs Test\"",
              "fullTitle": "Admin Dashboard & Room Booking Tabs Test \"after all\" hook in \"Admin Dashboard & Room Booking Tabs Test\"",
              "timedOut": false,
              "duration": 382,
              "state": null,
              "speed": null,
              "pass": false,
              "fail": false,
              "pending": false,
              "context": null,
              "code": "if (driver) await driver.quit();",
              "err": {},
              "uuid": "93da2ba9-33ad-458c-b75d-d4b663674319",
              "parentUUID": "d58008cd-a25d-4905-81b3-304f561d4f90",
              "isHook": true,
              "skipped": false
            }
          ],
          "tests": [
            {
              "title": "should display Room & Resource Booking side panel option",
              "fullTitle": "Admin Dashboard & Room Booking Tabs Test should display Room & Resource Booking side panel option",
              "timedOut": false,
              "duration": 27,
              "state": "passed",
              "speed": "fast",
              "pass": true,
              "fail": false,
              "pending": false,
              "context": null,
              "code": "const roomTabButton = await driver.findElement(By.id(\"nav-roomBooking\"));\nassert.ok(await roomTabButton.isDisplayed(), \"Room & Resource Booking option is visible in sidebar\");",
              "err": {},
              "uuid": "66162ad4-d2e0-42bf-9b15-008541c670bb",
              "parentUUID": "d58008cd-a25d-4905-81b3-304f561d4f90",
              "isHook": false,
              "skipped": false
            },
            {
              "title": "should load Add Rooms & Reservations tab correctly",
              "fullTitle": "Admin Dashboard & Room Booking Tabs Test should load Add Rooms & Reservations tab correctly",
              "timedOut": false,
              "duration": 341,
              "state": "passed",
              "speed": "slow",
              "pass": true,
              "fail": false,
              "pending": false,
              "context": null,
              "code": "const roomTabButton = await driver.findElement(By.id(\"nav-roomBooking\"));\nawait roomTabButton.click();\nconst tabRoomBooking = await driver.findElement(By.id(\"tab-room-booking\"));\nconst tabTitle = await driver.wait(\n  until.elementLocated(By.id(\"room-booking-title\")),\n  5000\n);\nassert.strictEqual(await tabTitle.getText(), \"Room & Resource Booking\");\nconst container = await driver.findElement(By.id(\"rooms-list-container\"));\nassert.ok(await container.isDisplayed(), \"Rooms list container is visible\");\nconst roomCard = await driver.findElement(By.css(\"#rooms-list-container div\")); // at least one child card\nassert.ok(await roomCard.isDisplayed(), \"At least one room card is visible\");\nconst fabButton = await driver.findElement(By.id(\"room-add-floating-button\"));\nassert.ok(await fabButton.isDisplayed(), \"Floating Add button is visible\");\nconsole.log(\"Add Rooms & Reservations tab loaded successfully.\");",
              "err": {},
              "uuid": "ece499cf-efee-4b45-a95c-4e27e926dc6b",
              "parentUUID": "d58008cd-a25d-4905-81b3-304f561d4f90",
              "isHook": false,
              "skipped": false
            },
            {
              "title": "should load All Reservations tab correctly",
              "fullTitle": "Admin Dashboard & Room Booking Tabs Test should load All Reservations tab correctly",
              "timedOut": false,
              "duration": 2482,
              "state": "passed",
              "speed": "slow",
              "pass": true,
              "fail": false,
              "pending": false,
              "context": null,
              "code": "const tabReservations = await driver.findElement(By.id(\"tab-room-reservations\"));\nawait tabReservations.click();\nconst bookingsList = await driver.wait(\n  until.elementLocated(By.id(\"bookings-list\")),\n  5000\n);\nassert.ok(await bookingsList.isDisplayed(), \"Bookings list is visible in All Reservations tab\");\nconsole.log(\"All Reservations tab loaded successfully.\");",
              "err": {},
              "uuid": "795108f1-b36b-4526-ab67-0b93a2ea720d",
              "parentUUID": "d58008cd-a25d-4905-81b3-304f561d4f90",
              "isHook": false,
              "skipped": false
            },
            {
              "title": "should load My Bookings tab correctly",
              "fullTitle": "Admin Dashboard & Room Booking Tabs Test should load My Bookings tab correctly",
              "timedOut": false,
              "duration": 1909,
              "state": "passed",
              "speed": "slow",
              "pass": true,
              "fail": false,
              "pending": false,
              "context": null,
              "code": "const tabMyBookings = await driver.findElement(By.id(\"tab-my-bookings\"));\nawait tabMyBookings.click();\nconst bookingCard = await driver.wait(\n  until.elementLocated(By.css(\"[id^='booking-card-']\")),\n  5000\n);\nassert.ok(await bookingCard.isDisplayed(), \"At least one booking card is visible in My Bookings tab\");\nconsole.log(\"My Bookings tab loaded successfully.\");",
              "err": {},
              "uuid": "2468d9e2-817d-4e9f-8cff-a10124fa5a16",
              "parentUUID": "d58008cd-a25d-4905-81b3-304f561d4f90",
              "isHook": false,
              "skipped": false
            },
            {
              "title": "should load Rooms KPI tab correctly",
              "fullTitle": "Admin Dashboard & Room Booking Tabs Test should load Rooms KPI tab correctly",
              "timedOut": false,
              "duration": 268,
              "state": "passed",
              "speed": "slow",
              "pass": true,
              "fail": false,
              "pending": false,
              "context": null,
              "code": "const tabKPI = await driver.findElement(By.id(\"tab-kpi\"));\nawait tabKPI.click();\nconst fetchButton = await driver.wait(\n  until.elementLocated(By.id(\"utilization-fetch-btn\")),\n  5000\n);\nassert.ok(await fetchButton.isDisplayed(), \"Fetch Report button is visible in KPI tab\");\nconsole.log(\"Rooms KPI tab loaded successfully.\");",
              "err": {},
              "uuid": "e5881680-7d23-4d3d-a2dd-7ad17922067d",
              "parentUUID": "d58008cd-a25d-4905-81b3-304f561d4f90",
              "isHook": false,
              "skipped": false
            }
          ],
          "suites": [],
          "passes": [
            "66162ad4-d2e0-42bf-9b15-008541c670bb",
            "ece499cf-efee-4b45-a95c-4e27e926dc6b",
            "795108f1-b36b-4526-ab67-0b93a2ea720d",
            "2468d9e2-817d-4e9f-8cff-a10124fa5a16",
            "e5881680-7d23-4d3d-a2dd-7ad17922067d"
          ],
          "failures": [],
          "pending": [],
          "skipped": [],
          "duration": 5027,
          "root": false,
          "rootEmpty": false,
          "_timeout": 180000
        }
      ],
      "passes": [],
      "failures": [],
      "pending": [],
      "skipped": [],
      "duration": 0,
      "root": true,
      "rootEmpty": true,
      "_timeout": 60000
    }
  ],
  "meta": {
    "mocha": {
      "version": "11.7.4"
    },
    "mochawesome": {
      "options": {
        "quiet": false,
        "reportFilename": "mochawesome",
        "saveHtml": true,
        "saveJson": true,
        "consoleReporter": "spec",
        "useInlineDiffs": false,
        "code": true
      },
      "version": "7.1.4"
    },
    "marge": {
      "options": null,
      "version": "6.3.0"
    }
  }
}