{
  "stats": {
    "suites": 1,
    "tests": 9,
    "passes": 9,
    "pending": 0,
    "failures": 0,
    "start": "2025-12-20T09:04:14.009Z",
    "end": "2025-12-20T09:05:59.714Z",
    "duration": 105705,
    "testsRegistered": 9,
    "passPercent": 100,
    "pendingPercent": 0,
    "other": 0,
    "hasOther": false,
    "skipped": 0,
    "hasSkipped": false
  },
  "results": [
    {
      "uuid": "b72e8c03-a416-4d95-8c91-b737ebb60243",
      "title": "",
      "fullFile": "C:\\Users\\TharakaDilshan\\Downloads\\staff-management-system\\react-app\\tests\\phase4\\taskSchedule.test.js",
      "file": "\\tests\\phase4\\taskSchedule.test.js",
      "beforeHooks": [],
      "afterHooks": [],
      "tests": [],
      "suites": [
        {
          "uuid": "f7236a50-4489-43dc-98e6-d26a9e7d6c4b",
          "title": "Task & Schedule UI test",
          "fullFile": "C:\\Users\\TharakaDilshan\\Downloads\\staff-management-system\\react-app\\tests\\phase4\\taskSchedule.test.js",
          "file": "\\tests\\phase4\\taskSchedule.test.js",
          "beforeHooks": [
            {
              "title": "\"before all\" hook in \"Task & Schedule UI test\"",
              "fullTitle": "Task & Schedule UI test \"before all\" hook in \"Task & Schedule UI test\"",
              "timedOut": false,
              "duration": 6074,
              "state": null,
              "speed": null,
              "pass": false,
              "fail": false,
              "pending": false,
              "context": null,
              "code": "const options = new chrome.Options();\noptions.addArguments(\"--start-maximized\");\ndriver = await new Builder()\n  .forBrowser(\"chrome\")\n  .setChromeOptions(options)\n  .build();\nconsole.log(\"🚀 Opening dashboard...\");\nawait driver.get(DASHBOARD_URL);\n// Inject valid Admin token manually\nawait driver.executeScript(\n  `window.localStorage.setItem('token', '${ACCESS_TOKEN}');`\n);\nawait driver.navigate().refresh();\n// Wait until dashboard sidebar appears\nawait driver.wait(until.elementLocated(By.id(\"dashboard-side-panel\")), 30000);\nconst title = await driver.findElement(By.id(\"dashboard-title\")).getText();\nassert.ok(title.includes(\"Admin Portal\"), \"Admin Portal title missing\");\nconsole.log(\"✅ Dashboard loaded successfully as Admin\");",
              "err": {},
              "uuid": "4b01d131-0b88-4e94-910f-c5a1c481d981",
              "parentUUID": "f7236a50-4489-43dc-98e6-d26a9e7d6c4b",
              "isHook": true,
              "skipped": false
            }
          ],
          "afterHooks": [
            {
              "title": "\"after all\" hook in \"Task & Schedule UI test\"",
              "fullTitle": "Task & Schedule UI test \"after all\" hook in \"Task & Schedule UI test\"",
              "timedOut": false,
              "duration": 454,
              "state": null,
              "speed": null,
              "pass": false,
              "fail": false,
              "pending": false,
              "context": null,
              "code": "if (driver) {\n  console.log(\"🚀 Closing browser...\");\n  await driver.quit(); // closes all tabs and ends session\n  }",
              "err": {},
              "uuid": "27516dda-9193-4d81-9cc3-c28bafc17375",
              "parentUUID": "f7236a50-4489-43dc-98e6-d26a9e7d6c4b",
              "isHook": true,
              "skipped": false
            }
          ],
          "tests": [
            {
              "title": "should navigate to Task & Schedule page",
              "fullTitle": "Task & Schedule UI test should navigate to Task & Schedule page",
              "timedOut": false,
              "duration": 520,
              "state": "passed",
              "speed": "slow",
              "pass": true,
              "fail": false,
              "pending": false,
              "context": null,
              "code": "const feedbackNav = await driver.findElement(\n  By.id(\"nav-tasksSchedules\")\n);\nawait feedbackNav.click();\nconst pageTitle = await driver.wait(\n  until.elementLocated(By.id(\"task-schedule-title\")),\n  10000\n);\nassert.strictEqual(await pageTitle.getText(), \"Tasks & Schedules\");\nconsole.log(\"✅ Task & Schedule page loaded\");",
              "err": {},
              "uuid": "2e0d3165-77b9-49de-a738-6d7b3ad551f7",
              "parentUUID": "f7236a50-4489-43dc-98e6-d26a9e7d6c4b",
              "isHook": false,
              "skipped": false
            },
            {
              "title": "should be on Schedules tab and filter schedules by user Tharaka",
              "fullTitle": "Task & Schedule UI test should be on Schedules tab and filter schedules by user Tharaka",
              "timedOut": false,
              "duration": 2392,
              "state": "passed",
              "speed": "slow",
              "pass": true,
              "fail": false,
              "pending": false,
              "context": null,
              "code": "// 1️⃣ Verify we are on Schedules tab (tab-content visible)\nconst schedulesTabContent = await driver.wait(\n  until.elementLocated(By.id(\"tab-content-schedules\")),\n  10000\n);\nassert.ok(schedulesTabContent, \"Schedules tab content not visible\");\nconsole.log(\"✅ Schedules tab is active\");\n// 2️⃣ Wait for loading to finish (dropdown takes ~5s)\nawait driver.wait(\n  async () => {\n    const loaders = await driver.findElements(By.id(\"loading-box\"));\n    return loaders.length === 0;\n  },\n  15000,\n  \"Schedules loading did not finish\"\n);\n// 3️⃣ Open 'Filter by User' dropdown\nconst userFilterSelect = await driver.wait(\n  until.elementLocated(By.id(\"user-filter-select\")),\n  10000\n);\nawait userFilterSelect.click();\n// 4️⃣ Select user 'Tharaka'\n// (Assumes displayName is exactly \"Tharaka\")\nconst tharakaOption = await driver.wait(\n  until.elementLocated(\n    By.xpath(\"//li[contains(text(), 'Tharaka')]\")\n  ),\n  10000\n);\nawait tharakaOption.click();\nconsole.log(\"✅ User filter set to Tharaka\");\n// 5️⃣ Wait for schedules to refresh (either rows OR empty alert)\nawait driver.wait(\n  async () => {\n    const rows = await driver.findElements(\n      By.css(\"[data-testid^='schedule-row-']\")\n    );\n    const emptyAlert = await driver.findElements(\n      By.id(\"no-schedules-alert\")\n    );\n    return rows.length > 0 || emptyAlert.length > 0;\n  },\n  15000,\n  \"Schedules were not updated after filtering\"\n);\nconsole.log(\"✅ Schedules fetched successfully for user Tharaka\");",
              "err": {},
              "uuid": "49c155bc-1236-48ef-b401-fa65b009353e",
              "parentUUID": "f7236a50-4489-43dc-98e6-d26a9e7d6c4b",
              "isHook": false,
              "skipped": false
            },
            {
              "title": "should create a new schedule successfully",
              "fullTitle": "Task & Schedule UI test should create a new schedule successfully",
              "timedOut": false,
              "duration": 30195,
              "state": "passed",
              "speed": "slow",
              "pass": true,
              "fail": false,
              "pending": false,
              "context": null,
              "code": "/* =======================\n     OPEN CREATE DIALOG\n  ======================= */\n  const createFab = await driver.wait(\n    until.elementLocated(\n      By.css('[data-testid=\"create-schedule-fab\"]')\n    ),\n    10000\n  );\n  await driver.executeScript(\"arguments[0].click();\", createFab);\n  console.log(\"➕ Create Schedule FAB clicked\");\n  /* =======================\n     WAIT FOR DIALOG\n  ======================= */\n  const dialog = await driver.wait(\n    until.elementLocated(\n      By.css('[data-testid=\"create-schedule-dialog\"]')\n    ),\n    10000\n  );\n  await driver.wait(until.elementIsVisible(dialog), 5000);\n  console.log(\"🪟 Create Schedule dialog opened\");\n  /* =======================\n     🔒 LOCK DIALOG FOCUS (CRITICAL)\n  ======================= */\n  const dialogContent = await driver.findElement(\n    By.css('[data-testid=\"create-schedule-content\"]')\n  );\n  // Click inside dialog to prevent backdrop-close\n  await driver.executeScript(\"arguments[0].click();\", dialogContent);\n  // Give MUI time to finish async re-renders\n  await driver.sleep(1000);\n  /* =======================\n     FILL FORM FIELDS\n  ======================= */\n  const timestamp = Date.now();\n  const titleInput = await driver.wait(\n    until.elementLocated(\n      By.css('[data-testid=\"schedule-title-input\"] input')\n    ),\n    5000\n  );\n  await driver.wait(until.elementIsEnabled(titleInput), 5000);\n  await titleInput.sendKeys(`Automation Schedule Test`);\n  const descriptionInput = await driver.findElement(\n    By.css('[data-testid=\"schedule-description-input\"]  input')\n  );\n  await descriptionInput.sendKeys(\"Created via Selenium automation\");\n  /* =======================\n   ASSIGNEE → THARAKA (MUI FIX)\n======================= */\nconst assigneeSelect = await driver.findElement(\n  By.css('[data-testid=\"schedule-assignee-select\"]')\n);\n// 🔑 MUI Select requires mouseDown, not click\nawait driver.actions()\n  .move({ origin: assigneeSelect })\n  .press()\n  .release()\n  .perform();\n// Wait for dropdown options (rendered in portal)\nconst tharakaOption = await driver.wait(\n  until.elementLocated(\n    By.xpath(\"//li[contains(text(),'Tharaka')]\")\n  ),\n  10000\n);\nawait tharakaOption.click();\nconsole.log(\"👤 Assignee selected: Tharaka\");\n  /* =======================\n     RECURRENCE\n  ======================= */\n//   const recurrenceSelect = await driver.findElement(\n//   By.css('[data-testid=\"schedule-recurrence-select\"]')\n// );\n// await driver.actions()\n//   .move({ origin: recurrenceSelect })\n//   .press()\n//   .release()\n//   .perform();\n// await driver.findElement(\n//   By.css('[data-testid=\"schedule-recurrence-WEEKLY\"]')\n// ).click();\n  /* =======================\n     LOCATION\n  ======================= */\n  await driver.findElement(\n    By.css('[data-testid=\"schedule-location-input\"] input')\n  ).sendKeys(\"NewYork\");\n  /* =======================\n     IMPORTANCE\n  ======================= */\n//   const importanceSelect = await driver.findElement(\n//   By.css('[data-testid=\"schedule-importance-select\"]')\n// );\n// await driver.actions()\n//   .move({ origin: importanceSelect })\n//   .press()\n//   .release()\n//   .perform();\n// await driver.findElement(\n//   By.css('[data-testid=\"schedule-importance-high\"]')\n// ).click();\n  /* =======================\n     START DATE (MANUAL)\n  ======================= */\n  const startDateInput = await driver.findElement(\n    By.css('[data-testid=\"schedule-start-time-input\"] input')\n  );\n  await driver.executeScript(\"arguments[0].click();\", startDateInput);\n  console.log(\"⏱ Select START date manually...\");\n  await driver.sleep(10000);\n  /* =======================\n     END DATE (MANUAL)\n  ======================= */\n  const endDateInput = await driver.findElement(\n    By.css('[data-testid=\"schedule-end-time-input\"] input')\n  );\n  await driver.executeScript(\"arguments[0].click();\", endDateInput);\n  console.log(\"⏱ Select END date manually...\");\n  await driver.sleep(10000);\n  /* =======================\n     SUBMIT\n  ======================= */\n  const createButton = await driver.findElement(\n    By.css('[data-testid=\"create-schedule-submit-button\"]')\n  );\n  await driver.wait(until.elementIsEnabled(createButton), 5000);\n  await driver.executeScript(\"arguments[0].click();\", createButton);\n  console.log(\"🚀 Create Schedule submitted\");\n  /* =======================\n     WAIT FOR CLOSE\n  ======================= */\n  await driver.wait(until.stalenessOf(dialog), 15000);\n  console.log(\"✅ Schedule created successfully\");",
              "err": {},
              "uuid": "2d80dff9-b15f-46fa-938e-81769da28aa9",
              "parentUUID": "f7236a50-4489-43dc-98e6-d26a9e7d6c4b",
              "isHook": false,
              "skipped": false
            },
            {
              "title": "should edit start and end time of the created schedule",
              "fullTitle": "Task & Schedule UI test should edit start and end time of the created schedule",
              "timedOut": false,
              "duration": 20925,
              "state": "passed",
              "speed": "slow",
              "pass": true,
              "fail": false,
              "pending": false,
              "context": null,
              "code": "/* =======================\n     WAIT FOR SCHEDULE TABLE\n  ======================= */\n  await driver.wait(\n    until.elementLocated(By.css('[data-testid=\"schedules-table\"]')),\n    10000\n  );\n  /* =======================\n     FIND CREATED SCHEDULE ROW\n     (by title text)\n  ======================= */\n  const scheduleRow = await driver.wait(\n    until.elementLocated(\n      By.xpath(\n        \"//td[contains(text(),'Automation Schedule Test')]/ancestor::tr\"\n      )\n    ),\n    10000\n  );\n  await driver.executeScript(\"arguments[0].scrollIntoView({block:'center'});\", scheduleRow);\n  await driver.executeScript(\"arguments[0].click();\", scheduleRow);\n  console.log(\"✏️ Schedule row clicked\");\n  /* =======================\n     WAIT FOR EDIT DIALOG\n  ======================= */\n  const dialog = await driver.wait(\n    until.elementLocated(\n      By.css('[data-testid=\"edit-schedule-dialog\"]')\n    ),\n    10000\n  );\n  await driver.wait(until.elementIsVisible(dialog), 5000);\n  console.log(\"🪟 Edit Schedule dialog opened\");\n  /* =======================\n     VERIFY FIELDS ARE PREFILLED\n  ======================= */\n  const startInput = await driver.findElement(\n    By.css('[data-testid=\"edit-schedule-start-time-input\"] input')\n  );\n  const endInput = await driver.findElement(\n    By.css('[data-testid=\"edit-schedule-end-time-input\"] input')\n  );\n  const existingStart = await startInput.getAttribute(\"value\");\n  const existingEnd = await endInput.getAttribute(\"value\");\n  if (!existingStart || !existingEnd) {\n    throw new Error(\"Start or End time not pre-filled in edit dialog\");\n  }\n  console.log(\"✅ Start & End times are pre-filled\");\n  /* =======================\n     UPDATE START DATE (MANUAL)\n  ======================= */\n  await driver.executeScript(\"arguments[0].click();\", startInput);\n  console.log(\"⏱ Please manually update START date & time...\");\n  await driver.sleep(10000);\n  /* =======================\n     UPDATE END DATE (MANUAL)\n  ======================= */\n  await driver.executeScript(\"arguments[0].click();\", endInput);\n  console.log(\"⏱ Please manually update END date & time...\");\n  await driver.sleep(10000);\n  /* =======================\n     CLICK UPDATE\n  ======================= */\n  const updateButton = await driver.findElement(\n    By.css('[data-testid=\"edit-schedule-update-button\"]')\n  );\n  await driver.wait(until.elementIsEnabled(updateButton), 5000);\n  await driver.executeScript(\"arguments[0].click();\", updateButton);\n  console.log(\"🚀 Update button clicked\");\n  /* =======================\n     SUCCESS SNACKBAR\n  ======================= */\n  const snackbar = await driver.wait(\n    until.elementLocated(\n      By.css('[data-testid=\"schedule-snackbar-alert\"]')\n    ),\n    10000\n  );\n  await driver.wait(until.elementIsVisible(snackbar), 5000);\n  const snackbarText = await snackbar.getText();\n  if (!snackbarText.toLowerCase().includes(\"updated\")) {\n    throw new Error(\"Schedule update success snackbar not shown\");\n  }\n  console.log(\"🎉 Schedule updated successfully\");\n  /* =======================\n     WAIT FOR DIALOG CLOSE\n  ======================= */\n  await driver.wait(until.stalenessOf(dialog), 10000);",
              "err": {},
              "uuid": "d88b9c04-18dd-4820-bc98-b670957b50f4",
              "parentUUID": "f7236a50-4489-43dc-98e6-d26a9e7d6c4b",
              "isHook": false,
              "skipped": false
            },
            {
              "title": "should delete the created schedule successfully",
              "fullTitle": "Task & Schedule UI test should delete the created schedule successfully",
              "timedOut": false,
              "duration": 1442,
              "state": "passed",
              "speed": "slow",
              "pass": true,
              "fail": false,
              "pending": false,
              "context": null,
              "code": "/* =======================\n     WAIT FOR SCHEDULE TABLE\n  ======================= */\n  await driver.wait(\n    until.elementLocated(By.css('[data-testid=\"schedules-table\"]')),\n    10000\n  );\n  /* =======================\n     FIND CREATED SCHEDULE\n  ======================= */\n  const scheduleRow = await driver.wait(\n    until.elementLocated(\n      By.xpath(\n        \"//td[contains(text(),'Automation Schedule Test')]/ancestor::tr\"\n      )\n    ),\n    10000\n  );\n  await driver.executeScript(\n    \"arguments[0].scrollIntoView({block:'center'});\",\n    scheduleRow\n  );\n  await driver.executeScript(\"arguments[0].click();\", scheduleRow);\n  console.log(\"🗑️ Schedule row clicked for deletion\");\n  /* =======================\n     WAIT FOR EDIT DIALOG\n  ======================= */\n  const editDialog = await driver.wait(\n    until.elementLocated(\n      By.css('[data-testid=\"edit-schedule-dialog\"]')\n    ),\n    10000\n  );\n  await driver.wait(until.elementIsVisible(editDialog), 5000);\n  console.log(\"🪟 Edit Schedule dialog opened\");\n  /* =======================\n     CLICK DELETE BUTTON\n  ======================= */\n  const deleteButton = await driver.findElement(\n    By.css('[data-testid=\"edit-schedule-delete-button\"]')\n  );\n  await driver.wait(until.elementIsEnabled(deleteButton), 5000);\n  await driver.executeScript(\"arguments[0].click();\", deleteButton);\n  console.log(\"⚠️ Delete button clicked\");\n  /* =======================\n     DELETE CONFIRMATION DIALOG\n  ======================= */\n  const confirmDialog = await driver.wait(\n    until.elementLocated(\n      By.css('[data-testid=\"delete-schedule-confirm-dialog\"]')\n    ),\n    10000\n  );\n  await driver.wait(until.elementIsVisible(confirmDialog), 5000);\n  console.log(\"❗ Delete confirmation dialog opened\");\n  /* =======================\n     CONFIRM DELETE\n  ======================= */\n  const confirmDeleteButton = await driver.findElement(\n    By.css('[data-testid=\"delete-schedule-confirm-delete\"]')\n  );\n  await driver.wait(until.elementIsEnabled(confirmDeleteButton), 5000);\n  await driver.executeScript(\"arguments[0].click();\", confirmDeleteButton);\n  console.log(\"🗑️ Confirm delete clicked\");\n  /* =======================\n     SUCCESS SNACKBAR\n  ======================= */\n  const snackbar = await driver.wait(\n    until.elementLocated(\n      By.css('[data-testid=\"schedule-snackbar-alert\"]')\n    ),\n    10000\n  );\n  await driver.wait(until.elementIsVisible(snackbar), 5000);\n  const snackbarText = await snackbar.getText();\n  if (!snackbarText.toLowerCase().includes(\"deleted\")) {\n    throw new Error(\"Schedule delete success snackbar not shown\");\n  }\n  console.log(\"🎉 Schedule deleted successfully\");\n  /* =======================\n     WAIT FOR DIALOG CLOSE\n  ======================= */\n  await driver.wait(until.stalenessOf(editDialog), 10000);",
              "err": {},
              "uuid": "41c8aca8-bf8d-424f-86e2-d65a9760c96d",
              "parentUUID": "f7236a50-4489-43dc-98e6-d26a9e7d6c4b",
              "isHook": false,
              "skipped": false
            },
            {
              "title": "should create a new task successfully",
              "fullTitle": "Task & Schedule UI test should create a new task successfully",
              "timedOut": false,
              "duration": 15523,
              "state": "passed",
              "speed": "slow",
              "pass": true,
              "fail": false,
              "pending": false,
              "context": null,
              "code": "/* =======================\n     GO TO TASKS TAB\n  ======================= */\n  const tasksTab = await driver.wait(\n    until.elementLocated(By.css('[data-testid=\"tab-tasks\"]')),\n    10000\n  );\n  await tasksTab.click();\n  await driver.wait(\n    until.elementLocated(By.id(\"tab-content-tasks\")),\n    10000\n  );\n  console.log(\"📋 Tasks tab opened\");\n  /* =======================\n     OPEN CREATE TASK DIALOG\n  ======================= */\n  const createTaskFab = await driver.wait(\n    until.elementLocated(\n      By.css('[data-testid=\"create-task-fab\"]')\n    ),\n    10000\n  );\n  await driver.executeScript(\"arguments[0].click();\", createTaskFab);\n  console.log(\"➕ Create Task FAB clicked\");\n  /* =======================\n     WAIT FOR DIALOG\n  ======================= */\n  const dialog = await driver.wait(\n    until.elementLocated(\n      By.css('[data-testid=\"create-task-dialog\"]')\n    ),\n    10000\n  );\n  await driver.wait(until.elementIsVisible(dialog), 5000);\n  console.log(\"🪟 Create Task dialog opened\");\n  /* =======================\n     FILL FORM FIELDS\n  ======================= */\n  const timestamp = Date.now();\n  // Title\n  await driver.findElement(\n    By.css('[data-testid=\"task-title-input\"] input')\n  ).sendKeys(`Automation Task`);\n  // Description\n  await driver.findElement(\n    By.css('[data-testid=\"task-description-input\"] textarea')\n  ).sendKeys(\"Created via Selenium automation\");\n  /* =======================\n     ASSIGNEE → THARAKA (MUI FIX)\n  ======================= */\n  const assigneeSelect = await driver.findElement(\n    By.css('[data-testid=\"task-assignee-select\"]')\n  );\n  await driver.actions()\n    .move({ origin: assigneeSelect })\n    .press()\n    .release()\n    .perform();\n  const tharakaOption = await driver.wait(\n    until.elementLocated(\n      By.xpath(\"//li[contains(text(),'Tharaka')]\")\n    ),\n    10000\n  );\n  await tharakaOption.click();\n  console.log(\"👤 Assignee selected: Tharaka\");\n  /* =======================\n     DUE DATE (MANUAL)\n  ======================= */\n  const dueDateInput = await driver.findElement(\n    By.css('[data-testid=\"task-due-date-input\"] input')\n  );\n  await driver.executeScript(\"arguments[0].click();\", dueDateInput);\n  console.log(\"⏱ Select DUE date manually...\");\n  await driver.sleep(10000);\n  /* =======================\n     SUBMIT TASK\n  ======================= */\n  const submitButton = await driver.findElement(\n    By.css('[data-testid=\"create-task-submit-button\"]')\n  );\n  await driver.wait(until.elementIsEnabled(submitButton), 5000);\n  await driver.executeScript(\"arguments[0].click();\", submitButton);\n  console.log(\"🚀 Create Task submitted\");\n  /* =======================\n     SUCCESS SNACKBAR\n  ======================= */\n  const snackbar = await driver.wait(\n    until.elementLocated(\n      By.css('[data-testid=\"create-task-snackbar-alert\"]')\n    ),\n    10000\n  );\n  await driver.wait(until.elementIsVisible(snackbar), 5000);\n  const snackbarText = await snackbar.getText();\n  if (!snackbarText.toLowerCase().includes(\"task created\")) {\n    throw new Error(\"Task creation success snackbar not shown\");\n  }\n  console.log(\"🎉 Task created successfully\");",
              "err": {},
              "uuid": "fbb4b67f-1e7f-4405-9b06-b8c1e5e06b31",
              "parentUUID": "f7236a50-4489-43dc-98e6-d26a9e7d6c4b",
              "isHook": false,
              "skipped": false
            },
            {
              "title": "should edit task description and status successfully",
              "fullTitle": "Task & Schedule UI test should edit task description and status successfully",
              "timedOut": false,
              "duration": 3710,
              "state": "passed",
              "speed": "slow",
              "pass": true,
              "fail": false,
              "pending": false,
              "context": null,
              "code": "//   /* =======================\n//      GO TO TASKS TAB\n//   ======================= */\n  const tasksTab = await driver.wait(\n    until.elementLocated(By.css('[data-testid=\"tab-tasks\"]')),\n    10000\n  );\n  await tasksTab.click();\n  await driver.wait(\n    until.elementLocated(By.id(\"tab-content-tasks\")),\n    10000\n  );\n  console.log(\"📋 Tasks tab opened\");\n  /* =======================\n     WAIT FOR TASKS BOARD\n  ======================= */\n  await driver.wait(\n    until.elementLocated(By.id(\"kanban-board\")),\n    10000\n  );\n  await driver.wait(async () => {\n  const cards = await driver.findElements(\n    By.css('[data-testid^=\"task-card-\"]')\n  );\n  return cards.length > 0;\n}, 15000);\n  /* =======================\n     FIND CREATED TASK CARD\n     (by title text)\n  ======================= */\n  const taskCard = await driver.wait(\n  until.elementLocated(\n    By.xpath(\n      \"//*[starts-with(@data-testid,'task-title-') and contains(normalize-space(.),'Automation Task')]/ancestor::*[starts-with(@data-testid,'task-card-')]\"\n    )\n  ),\n  15000\n);\n  await driver.executeScript(\n    \"arguments[0].scrollIntoView({block:'center'});\",\n    taskCard\n  );\n  await driver.executeScript(\"arguments[0].click();\", taskCard);\n  console.log(\"✏️ Task card clicked\");\n  /* =======================\n     WAIT FOR EDIT DIALOG\n  ======================= */\n  const dialog = await driver.wait(\n    until.elementLocated(\n      By.css('[data-testid=\"edit-task-dialog\"]')\n    ),\n    10000\n  );\n  await driver.wait(until.elementIsVisible(dialog), 5000);\n  console.log(\"🪟 Edit Task dialog opened\");\n  /* =======================\n     VERIFY PREFILLED VALUES\n  ======================= */\n  const descriptionInput = await driver.findElement(\n    By.css('[data-testid=\"edit-task-description-input\"] textarea')\n  );\n  const existingDescription = await descriptionInput.getAttribute(\"value\");\n  if (!existingDescription) {\n    throw new Error(\"Task description not prefilled\");\n  }\n  console.log(\"✅ Fields are prefilled\");\n  /* =======================\n     UPDATE DESCRIPTION\n  ======================= */\n  await descriptionInput.clear();\n  await descriptionInput.sendKeys(\n    \"Updated via Selenium automation\"\n  );\n  console.log(\"✍️ Description updated\");\n  /* =======================\n     UPDATE STATUS (MUI FIX)\n  ======================= */\n  const statusSelect = await driver.findElement(\n    By.css('[data-testid=\"edit-task-status-select\"]')\n  );\n  await driver.actions()\n    .move({ origin: statusSelect })\n    .press()\n    .release()\n    .perform();\n  const newStatusOption = await driver.wait(\n    until.elementLocated(\n      By.css('[data-testid=\"edit-task-status-inprogress\"]')\n    ),\n    10000\n  );\n  await newStatusOption.click();\n  console.log(\"🔄 Status changed to In Progress\");\n  /* =======================\n     CLICK UPDATE\n  ======================= */\n  const updateButton = await driver.findElement(\n    By.css('[data-testid=\"edit-task-update-button\"]')\n  );\n  await driver.wait(until.elementIsEnabled(updateButton), 5000);\n  await driver.executeScript(\"arguments[0].click();\", updateButton);\n  console.log(\"🚀 Update Task clicked\");\n  /* =======================\n     SUCCESS SNACKBAR\n  ======================= */\n  const snackbar = await driver.wait(\n    until.elementLocated(\n      By.css('[data-testid=\"edit-task-snackbar-alert\"]')\n    ),\n    10000\n  );\n  await driver.wait(until.elementIsVisible(snackbar), 5000);\n  const snackbarText = await snackbar.getText();\n  if (!snackbarText.toLowerCase().includes(\"updated\")) {\n    throw new Error(\"Task update success snackbar not shown\");\n  }\n  console.log(\"🎉 Task updated successfully\");\n  /* =======================\n     WAIT FOR DIALOG CLOSE\n  ======================= */\n  await driver.wait(until.stalenessOf(dialog), 10000);",
              "err": {},
              "uuid": "f09caec6-7ca7-4097-ba18-e8651f5c482d",
              "parentUUID": "f7236a50-4489-43dc-98e6-d26a9e7d6c4b",
              "isHook": false,
              "skipped": false
            },
            {
              "title": "should add a comment to the task successfully",
              "fullTitle": "Task & Schedule UI test should add a comment to the task successfully",
              "timedOut": false,
              "duration": 3348,
              "state": "passed",
              "speed": "slow",
              "pass": true,
              "fail": false,
              "pending": false,
              "context": null,
              "code": "/* =======================\n     ENSURE TASKS TAB ACTIVE\n  ======================= */\n  const tasksTab = await driver.wait(\n    until.elementLocated(By.css('[data-testid=\"tab-tasks\"]')),\n    10000\n  );\n  await tasksTab.click();\n  await driver.wait(\n    until.elementLocated(By.id(\"tab-content-tasks\")),\n    10000\n  );\n  console.log(\"📋 Tasks tab active\");\n  /* =======================\n     WAIT FOR TASK CARDS\n  ======================= */\n  await driver.wait(async () => {\n    const cards = await driver.findElements(\n      By.css('[data-testid^=\"task-card-\"]')\n    );\n    return cards.length > 0;\n  }, 15000);\n  /* =======================\n     FIND CREATED TASK CARD\n  ======================= */\n  const taskCard = await driver.wait(\n    until.elementLocated(\n      By.xpath(\n        \"//*[starts-with(@data-testid,'task-title-') and contains(normalize-space(.),'Automation Task')]/ancestor::*[starts-with(@data-testid,'task-card-')]\"\n      )\n    ),\n    15000\n  );\n  await driver.executeScript(\n    \"arguments[0].scrollIntoView({block:'center'});\",\n    taskCard\n  );\n  await driver.executeScript(\"arguments[0].click();\", taskCard);\n  console.log(\"✏️ Task card clicked\");\n  /* =======================\n     WAIT FOR EDIT TASK DIALOG\n  ======================= */\n  const editDialog = await driver.wait(\n    until.elementLocated(By.css('[data-testid=\"edit-task-dialog\"]')),\n    10000\n  );\n  await driver.wait(until.elementIsVisible(editDialog), 5000);\n  console.log(\"🪟 Edit Task dialog opened\");\n  /* =======================\n     SCROLL TO ADD COMMENT\n  ======================= */\n  const addCommentBtn = await driver.findElement(\n    By.css('[data-testid=\"edit-task-add-comment-button\"]')\n  );\n  await driver.executeScript(\n    \"arguments[0].scrollIntoView({block:'center'});\",\n    addCommentBtn\n  );\n  await driver.executeScript(\"arguments[0].click();\", addCommentBtn);\n  console.log(\"💬 Add Comment button clicked\");\n  /* =======================\n     WAIT FOR COMMENT DIALOG\n  ======================= */\n  const commentDialog = await driver.wait(\n    until.elementLocated(\n      By.css('[data-testid=\"add-task-comment-dialog\"]')\n    ),\n    10000\n  );\n  await driver.wait(until.elementIsVisible(commentDialog), 5000);\n  console.log(\"🪟 Add Comment dialog opened\");\n  /* =======================\n     ENTER COMMENT\n  ======================= */\n  const commentInput = await driver.findElement(\n    By.css('[data-testid=\"add-task-comment-input\"] textarea')\n  );\n  await commentInput.sendKeys(\n    \"This comment was added via Selenium automation\"\n  );\n  console.log(\"✍️ Comment entered\");\n  /* =======================\n     SUBMIT COMMENT\n  ======================= */\n  const submitCommentBtn = await driver.findElement(\n    By.css('[data-testid=\"add-task-comment-submit-button\"]')\n  );\n  await driver.wait(until.elementIsEnabled(submitCommentBtn), 5000);\n  await driver.executeScript(\"arguments[0].click();\", submitCommentBtn);\n  console.log(\"🚀 Add Comment submitted\");\n  /* =======================\n     SUCCESS SNACKBAR\n  ======================= */\n  const snackbar = await driver.wait(\n    until.elementLocated(\n      By.css('[data-testid=\"add-task-comment-snackbar-alert\"]')\n    ),\n    10000\n  );\n  await driver.wait(until.elementIsVisible(snackbar), 5000);\n  const snackbarText = await snackbar.getText();\n  if (!snackbarText.toLowerCase().includes(\"comment added\")) {\n    throw new Error(\"Comment success snackbar not shown\");\n  }\n  console.log(\"🎉 Comment added successfully\");\n  /* =======================\n     CLOSE EDIT TASK DIALOG\n  ======================= */\n  const cancelBtn = await driver.findElement(\n    By.css('[data-testid=\"edit-task-cancel-button\"]')\n  );\n  await driver.executeScript(\"arguments[0].click();\", cancelBtn);\n  await driver.wait(until.stalenessOf(editDialog), 10000);\n  console.log(\"✅ Edit Task dialog closed\");",
              "err": {},
              "uuid": "28aee6b8-2066-48eb-afa9-ac0f88b60ffc",
              "parentUUID": "f7236a50-4489-43dc-98e6-d26a9e7d6c4b",
              "isHook": false,
              "skipped": false
            },
            {
              "title": "should upload schedule CSV successfully",
              "fullTitle": "Task & Schedule UI test should upload schedule CSV successfully",
              "timedOut": false,
              "duration": 21089,
              "state": "passed",
              "speed": "slow",
              "pass": true,
              "fail": false,
              "pending": false,
              "context": null,
              "code": "/* =======================\n     GO TO IMPORT TAB\n  ======================= */\n  const importTab = await driver.wait(\n    until.elementLocated(By.css('[data-testid=\"tab-import\"]')),\n    10000\n  );\n  await importTab.click();\n  await driver.wait(\n    until.elementLocated(By.id(\"tab-content-import\")),\n    10000\n  );\n  console.log(\"📥 Import tab opened\");\n  /* =======================\n     WAIT FOR FILE INPUT\n  ======================= */\n  const fileInput = await driver.wait(\n    until.elementLocated(\n      By.css('[data-testid=\"csv-file-input\"]')\n    ),\n    10000\n  );\n  console.log(\"📂 Please select a CSV file manually...\");\n  /* =======================\n     MANUAL FILE SELECTION\n  ======================= */\n  // Click file input → OS file picker opens\n  await driver.executeScript(\"arguments[0].click();\", fileInput);\n  // Give time to manually select the file\n  await driver.sleep(15000);\n  /* =======================\n     CLICK UPLOAD CSV\n  ======================= */\n  const uploadButton = await driver.wait(\n    until.elementLocated(\n      By.css('[data-testid=\"upload-csv-button\"]')\n    ),\n    10000\n  );\n  await driver.wait(until.elementIsEnabled(uploadButton), 10000);\n  await driver.executeScript(\"arguments[0].click();\", uploadButton);\n  console.log(\"🚀 Upload CSV button clicked\");\n  /* =======================\n     SUCCESS SNACKBAR\n  ======================= */\n  const snackbar = await driver.wait(\n    until.elementLocated(\n      By.css('[data-testid=\"import-snackbar-alert\"]')\n    ),\n    15000\n  );\n  await driver.wait(until.elementIsVisible(snackbar), 5000);\n  const snackbarText = await snackbar.getText();\n  if (!snackbarText.toLowerCase().includes(\"uploaded\")) {\n    throw new Error(\"CSV upload success snackbar not shown\");\n  }\n  console.log(\"🎉 CSV uploaded successfully\");\n  /* =======================\n     OPTIONAL: VERIFY JOB ID\n  ======================= */\n  const jobId = await driver.wait(\n    until.elementLocated(\n      By.css('[data-testid=\"job-id\"]')\n    ),\n    10000\n  );\n  const jobIdText = await jobId.getText();\n  if (!jobIdText) {\n    throw new Error(\"Job ID not displayed after upload\");\n  }\n  console.log(`🆔 Import Job ID: ${jobIdText}`);\n    /* =======================\n     GO BACK TO SCHEDULES TAB\n  ======================= */\n  const schedulesTab = await driver.wait(\n    until.elementLocated(By.css('[data-testid=\"tab-schedules\"]')),\n    10000\n  );\n  await schedulesTab.click();\n  await driver.wait(\n    until.elementLocated(By.id(\"tab-content-schedules\")),\n    10000\n  );\n  console.log(\"📅 Navigated back to Schedules tab\");\n  /* =======================\n     WAIT 5 SECONDS\n  ======================= */\n  await driver.sleep(5000);\n  console.log(\"⏳ Waited 5 seconds on Schedules tab\");",
              "err": {},
              "uuid": "16178d3c-566f-413d-a999-a9e41baa8d6f",
              "parentUUID": "f7236a50-4489-43dc-98e6-d26a9e7d6c4b",
              "isHook": false,
              "skipped": false
            }
          ],
          "suites": [],
          "passes": [
            "2e0d3165-77b9-49de-a738-6d7b3ad551f7",
            "49c155bc-1236-48ef-b401-fa65b009353e",
            "2d80dff9-b15f-46fa-938e-81769da28aa9",
            "d88b9c04-18dd-4820-bc98-b670957b50f4",
            "41c8aca8-bf8d-424f-86e2-d65a9760c96d",
            "fbb4b67f-1e7f-4405-9b06-b8c1e5e06b31",
            "f09caec6-7ca7-4097-ba18-e8651f5c482d",
            "28aee6b8-2066-48eb-afa9-ac0f88b60ffc",
            "16178d3c-566f-413d-a999-a9e41baa8d6f"
          ],
          "failures": [],
          "pending": [],
          "skipped": [],
          "duration": 99144,
          "root": false,
          "rootEmpty": false,
          "_timeout": 90000
        }
      ],
      "passes": [],
      "failures": [],
      "pending": [],
      "skipped": [],
      "duration": 0,
      "root": true,
      "rootEmpty": true,
      "_timeout": 60000
    }
  ],
  "meta": {
    "mocha": {
      "version": "11.7.4"
    },
    "mochawesome": {
      "options": {
        "quiet": false,
        "reportFilename": "mochawesome",
        "saveHtml": true,
        "saveJson": true,
        "consoleReporter": "spec",
        "useInlineDiffs": false,
        "code": true
      },
      "version": "7.1.4"
    },
    "marge": {
      "options": null,
      "version": "6.3.0"
    }
  }
}