{"C:\\Users\\TharakaDilshan\\Downloads\\staff-management-system\\leave_management_lambda\\booking_handlers\\createBookingHandler.mjs": {"path":"C:\\Users\\TharakaDilshan\\Downloads\\staff-management-system\\leave_management_lambda\\booking_handlers\\createBookingHandler.mjs","statementMap":{"0":{"start":{"line":16,"column":15},"end":{"line":16,"column":45}},"1":{"start":{"line":17,"column":44},"end":{"line":17,"column":48}},"2":{"start":{"line":19,"column":33},"end":{"line":19,"column":53}},"3":{"start":{"line":20,"column":26},"end":{"line":22,"column":25}},"4":{"start":{"line":25,"column":18},"end":{"line":25,"column":60}},"5":{"start":{"line":28,"column":2},"end":{"line":34,"column":3}},"6":{"start":{"line":29,"column":4},"end":{"line":33,"column":6}},"7":{"start":{"line":36,"column":16},"end":{"line":36,"column":36}},"8":{"start":{"line":37,"column":14},"end":{"line":37,"column":32}},"9":{"start":{"line":39,"column":2},"end":{"line":45,"column":3}},"10":{"start":{"line":40,"column":4},"end":{"line":44,"column":6}},"11":{"start":{"line":47,"column":2},"end":{"line":165,"column":3}},"12":{"start":{"line":49,"column":4},"end":{"line":49,"column":32}},"13":{"start":{"line":52,"column":21},"end":{"line":56,"column":5}},"14":{"start":{"line":58,"column":4},"end":{"line":70,"column":5}},"15":{"start":{"line":60,"column":6},"end":{"line":60,"column":35}},"16":{"start":{"line":61,"column":6},"end":{"line":69,"column":8}},"17":{"start":{"line":74,"column":24},"end":{"line":77,"column":5}},"18":{"start":{"line":79,"column":4},"end":{"line":86,"column":5}},"19":{"start":{"line":80,"column":6},"end":{"line":80,"column":37}},"20":{"start":{"line":81,"column":6},"end":{"line":85,"column":8}},"21":{"start":{"line":90,"column":26},"end":{"line":96,"column":5}},"22":{"start":{"line":97,"column":24},"end":{"line":97,"column":108}},"23":{"start":{"line":99,"column":4},"end":{"line":106,"column":5}},"24":{"start":{"line":100,"column":6},"end":{"line":100,"column":37}},"25":{"start":{"line":101,"column":6},"end":{"line":105,"column":8}},"26":{"start":{"line":109,"column":26},"end":{"line":114,"column":5}},"27":{"start":{"line":115,"column":24},"end":{"line":115,"column":108}},"28":{"start":{"line":117,"column":4},"end":{"line":124,"column":5}},"29":{"start":{"line":118,"column":6},"end":{"line":118,"column":37}},"30":{"start":{"line":119,"column":6},"end":{"line":123,"column":8}},"31":{"start":{"line":127,"column":24},"end":{"line":131,"column":5}},"32":{"start":{"line":132,"column":22},"end":{"line":132,"column":130}},"33":{"start":{"line":133,"column":23},"end":{"line":133,"column":40}},"34":{"start":{"line":136,"column":4},"end":{"line":139,"column":6}},"35":{"start":{"line":141,"column":4},"end":{"line":141,"column":33}},"36":{"start":{"line":143,"column":4},"end":{"line":151,"column":6}},"37":{"start":{"line":153,"column":4},"end":{"line":157,"column":5}},"38":{"start":{"line":154,"column":6},"end":{"line":154,"column":37}},"39":{"start":{"line":156,"column":6},"end":{"line":156,"column":51}},"40":{"start":{"line":159,"column":4},"end":{"line":159,"column":55}},"41":{"start":{"line":160,"column":4},"end":{"line":164,"column":6}},"42":{"start":{"line":168,"column":20},"end":{"line":172,"column":2}},"43":{"start":{"line":168,"column":27},"end":{"line":172,"column":1}}},"fnMap":{"0":{"name":"handleCreateBooking","decl":{"start":{"line":15,"column":22},"end":{"line":15,"column":41}},"loc":{"start":{"line":15,"column":57},"end":{"line":166,"column":1}},"line":15},"1":{"name":"(anonymous_1)","decl":{"start":{"line":168,"column":20},"end":{"line":168,"column":21}},"loc":{"start":{"line":168,"column":27},"end":{"line":172,"column":1}},"line":168}},"branchMap":{"0":{"loc":{"start":{"line":16,"column":26},"end":{"line":16,"column":44}},"type":"binary-expr","locations":[{"start":{"line":16,"column":26},"end":{"line":16,"column":36}},{"start":{"line":16,"column":40},"end":{"line":16,"column":44}}],"line":16},"1":{"loc":{"start":{"line":20,"column":26},"end":{"line":22,"column":25}},"type":"cond-expr","locations":[{"start":{"line":21,"column":6},"end":{"line":21,"column":57}},{"start":{"line":22,"column":6},"end":{"line":22,"column":25}}],"line":20},"2":{"loc":{"start":{"line":20,"column":26},"end":{"line":20,"column":103}},"type":"binary-expr","locations":[{"start":{"line":20,"column":26},"end":{"line":20,"column":48}},{"start":{"line":20,"column":52},"end":{"line":20,"column":103}}],"line":20},"3":{"loc":{"start":{"line":25,"column":18},"end":{"line":25,"column":60}},"type":"binary-expr","locations":[{"start":{"line":25,"column":18},"end":{"line":25,"column":30}},{"start":{"line":25,"column":34},"end":{"line":25,"column":60}}],"line":25},"4":{"loc":{"start":{"line":28,"column":2},"end":{"line":34,"column":3}},"type":"if","locations":[{"start":{"line":28,"column":2},"end":{"line":34,"column":3}},{"start":{},"end":{}}],"line":28},"5":{"loc":{"start":{"line":28,"column":6},"end":{"line":28,"column":54}},"type":"binary-expr","locations":[{"start":{"line":28,"column":6},"end":{"line":28,"column":14}},{"start":{"line":28,"column":18},"end":{"line":28,"column":26}},{"start":{"line":28,"column":30},"end":{"line":28,"column":41}},{"start":{"line":28,"column":45},"end":{"line":28,"column":54}}],"line":28},"6":{"loc":{"start":{"line":39,"column":2},"end":{"line":45,"column":3}},"type":"if","locations":[{"start":{"line":39,"column":2},"end":{"line":45,"column":3}},{"start":{},"end":{}}],"line":39},"7":{"loc":{"start":{"line":39,"column":6},"end":{"line":39,"column":68}},"type":"binary-expr","locations":[{"start":{"line":39,"column":6},"end":{"line":39,"column":28}},{"start":{"line":39,"column":32},"end":{"line":39,"column":52}},{"start":{"line":39,"column":56},"end":{"line":39,"column":68}}],"line":39},"8":{"loc":{"start":{"line":58,"column":4},"end":{"line":70,"column":5}},"type":"if","locations":[{"start":{"line":58,"column":4},"end":{"line":70,"column":5}},{"start":{},"end":{}}],"line":58},"9":{"loc":{"start":{"line":79,"column":4},"end":{"line":86,"column":5}},"type":"if","locations":[{"start":{"line":79,"column":4},"end":{"line":86,"column":5}},{"start":{},"end":{}}],"line":79},"10":{"loc":{"start":{"line":99,"column":4},"end":{"line":106,"column":5}},"type":"if","locations":[{"start":{"line":99,"column":4},"end":{"line":106,"column":5}},{"start":{},"end":{}}],"line":99},"11":{"loc":{"start":{"line":117,"column":4},"end":{"line":124,"column":5}},"type":"if","locations":[{"start":{"line":117,"column":4},"end":{"line":124,"column":5}},{"start":{},"end":{}}],"line":117}},"s":{"0":7,"1":7,"2":7,"3":7,"4":7,"5":7,"6":1,"7":6,"8":6,"9":6,"10":1,"11":5,"12":5,"13":4,"14":4,"15":1,"16":1,"17":3,"18":3,"19":0,"20":0,"21":3,"22":3,"23":3,"24":1,"25":1,"26":2,"27":2,"28":2,"29":1,"30":1,"31":1,"32":1,"33":1,"34":1,"35":1,"36":1,"37":1,"38":1,"39":0,"40":1,"41":1,"42":1,"43":7},"f":{"0":7,"1":7},"b":{"0":[7,0],"1":[1,6],"2":[7,1],"3":[7,1],"4":[1,6],"5":[7,6,6,6],"6":[1,5],"7":[6,5,5],"8":[1,3],"9":[0,3],"10":[1,2],"11":[1,1]},"inputSourceMap":null,"_coverageSchema":"1a1c01bbd47fc00a2c39e90264f33305004495a9","hash":"d3cb25949791d1861430511d0d56225609b5723a"}
,"C:\\Users\\TharakaDilshan\\Downloads\\staff-management-system\\leave_management_lambda\\booking_handlers\\createRoomHandler.mjs": {"path":"C:\\Users\\TharakaDilshan\\Downloads\\staff-management-system\\leave_management_lambda\\booking_handlers\\createRoomHandler.mjs","statementMap":{"0":{"start":{"line":3,"column":32},"end":{"line":97,"column":3}},"1":{"start":{"line":4,"column":15},"end":{"line":4,"column":17}},"2":{"start":{"line":6,"column":4},"end":{"line":16,"column":5}},"3":{"start":{"line":7,"column":6},"end":{"line":9,"column":7}},"4":{"start":{"line":8,"column":8},"end":{"line":8,"column":38}},"5":{"start":{"line":11,"column":6},"end":{"line":15,"column":8}},"6":{"start":{"line":18,"column":71},"end":{"line":18,"column":75}},"7":{"start":{"line":21,"column":4},"end":{"line":29,"column":5}},"8":{"start":{"line":22,"column":6},"end":{"line":28,"column":8}},"9":{"start":{"line":31,"column":4},"end":{"line":39,"column":5}},"10":{"start":{"line":32,"column":6},"end":{"line":38,"column":8}},"11":{"start":{"line":41,"column":4},"end":{"line":96,"column":5}},"12":{"start":{"line":43,"column":23},"end":{"line":46,"column":7}},"13":{"start":{"line":48,"column":6},"end":{"line":56,"column":7}},"14":{"start":{"line":49,"column":8},"end":{"line":55,"column":10}},"15":{"start":{"line":59,"column":26},"end":{"line":63,"column":7}},"16":{"start":{"line":65,"column":21},"end":{"line":71,"column":7}},"17":{"start":{"line":73,"column":21},"end":{"line":73,"column":60}},"18":{"start":{"line":74,"column":26},"end":{"line":74,"column":40}},"19":{"start":{"line":76,"column":6},"end":{"line":84,"column":8}},"20":{"start":{"line":86,"column":6},"end":{"line":86,"column":53}},"21":{"start":{"line":88,"column":6},"end":{"line":95,"column":8}},"22":{"start":{"line":100,"column":22},"end":{"line":104,"column":4}},"23":{"start":{"line":100,"column":29},"end":{"line":104,"column":3}}},"fnMap":{"0":{"name":"(anonymous_0)","decl":{"start":{"line":3,"column":32},"end":{"line":3,"column":33}},"loc":{"start":{"line":3,"column":57},"end":{"line":97,"column":3}},"line":3},"1":{"name":"(anonymous_1)","decl":{"start":{"line":100,"column":22},"end":{"line":100,"column":23}},"loc":{"start":{"line":100,"column":29},"end":{"line":104,"column":3}},"line":100}},"branchMap":{"0":{"loc":{"start":{"line":7,"column":6},"end":{"line":9,"column":7}},"type":"if","locations":[{"start":{"line":7,"column":6},"end":{"line":9,"column":7}},{"start":{},"end":{}}],"line":7},"1":{"loc":{"start":{"line":21,"column":4},"end":{"line":29,"column":5}},"type":"if","locations":[{"start":{"line":21,"column":4},"end":{"line":29,"column":5}},{"start":{},"end":{}}],"line":21},"2":{"loc":{"start":{"line":21,"column":8},"end":{"line":21,"column":31}},"type":"binary-expr","locations":[{"start":{"line":21,"column":8},"end":{"line":21,"column":18}},{"start":{"line":21,"column":22},"end":{"line":21,"column":31}}],"line":21},"3":{"loc":{"start":{"line":31,"column":4},"end":{"line":39,"column":5}},"type":"if","locations":[{"start":{"line":31,"column":4},"end":{"line":39,"column":5}},{"start":{},"end":{}}],"line":31},"4":{"loc":{"start":{"line":31,"column":8},"end":{"line":31,"column":48}},"type":"binary-expr","locations":[{"start":{"line":31,"column":8},"end":{"line":31,"column":18}},{"start":{"line":31,"column":22},"end":{"line":31,"column":48}}],"line":31},"5":{"loc":{"start":{"line":48,"column":6},"end":{"line":56,"column":7}},"type":"if","locations":[{"start":{"line":48,"column":6},"end":{"line":56,"column":7}},{"start":{},"end":{}}],"line":48},"6":{"loc":{"start":{"line":67,"column":8},"end":{"line":67,"column":27}},"type":"binary-expr","locations":[{"start":{"line":67,"column":8},"end":{"line":67,"column":19}},{"start":{"line":67,"column":23},"end":{"line":67,"column":27}}],"line":67},"7":{"loc":{"start":{"line":69,"column":8},"end":{"line":69,"column":24}},"type":"binary-expr","locations":[{"start":{"line":69,"column":8},"end":{"line":69,"column":16}},{"start":{"line":69,"column":20},"end":{"line":69,"column":24}}],"line":69},"8":{"loc":{"start":{"line":70,"column":8},"end":{"line":70,"column":24}},"type":"binary-expr","locations":[{"start":{"line":70,"column":8},"end":{"line":70,"column":18}},{"start":{"line":70,"column":22},"end":{"line":70,"column":24}}],"line":70}},"s":{"0":1,"1":6,"2":6,"3":6,"4":6,"5":1,"6":5,"7":5,"8":1,"9":4,"10":1,"11":3,"12":3,"13":2,"14":1,"15":1,"16":1,"17":1,"18":1,"19":1,"20":1,"21":1,"22":1,"23":6},"f":{"0":6,"1":6},"b":{"0":[6,0],"1":[1,4],"2":[5,4],"3":[1,3],"4":[4,2],"5":[1,1],"6":[1,0],"7":[1,0],"8":[1,0]},"inputSourceMap":null,"_coverageSchema":"1a1c01bbd47fc00a2c39e90264f33305004495a9","hash":"54d06aa78506ea0acfbcf64a9c9a8195a9f8483b"}
,"C:\\Users\\TharakaDilshan\\Downloads\\staff-management-system\\leave_management_lambda\\booking_handlers\\deleteBookingHandler.mjs": {"path":"C:\\Users\\TharakaDilshan\\Downloads\\staff-management-system\\leave_management_lambda\\booking_handlers\\deleteBookingHandler.mjs","statementMap":{"0":{"start":{"line":17,"column":12},"end":{"line":17,"column":45}},"1":{"start":{"line":18,"column":21},"end":{"line":18,"column":33}},"2":{"start":{"line":20,"column":2},"end":{"line":26,"column":3}},"3":{"start":{"line":21,"column":4},"end":{"line":25,"column":6}},"4":{"start":{"line":29,"column":16},"end":{"line":29,"column":20}},"5":{"start":{"line":30,"column":2},"end":{"line":40,"column":3}},"6":{"start":{"line":31,"column":4},"end":{"line":37,"column":5}},"7":{"start":{"line":32,"column":19},"end":{"line":32,"column":41}},"8":{"start":{"line":33,"column":6},"end":{"line":33,"column":67}},"9":{"start":{"line":35,"column":6},"end":{"line":35,"column":69}},"10":{"start":{"line":36,"column":6},"end":{"line":36,"column":51}},"11":{"start":{"line":39,"column":4},"end":{"line":39,"column":49}},"12":{"start":{"line":42,"column":2},"end":{"line":48,"column":3}},"13":{"start":{"line":43,"column":4},"end":{"line":47,"column":6}},"14":{"start":{"line":50,"column":2},"end":{"line":110,"column":3}},"15":{"start":{"line":51,"column":4},"end":{"line":51,"column":32}},"16":{"start":{"line":54,"column":23},"end":{"line":57,"column":5}},"17":{"start":{"line":59,"column":4},"end":{"line":66,"column":5}},"18":{"start":{"line":60,"column":6},"end":{"line":60,"column":37}},"19":{"start":{"line":61,"column":6},"end":{"line":65,"column":8}},"20":{"start":{"line":68,"column":26},"end":{"line":68,"column":51}},"21":{"start":{"line":69,"column":4},"end":{"line":77,"column":5}},"22":{"start":{"line":71,"column":6},"end":{"line":71,"column":35}},"23":{"start":{"line":72,"column":6},"end":{"line":76,"column":8}},"24":{"start":{"line":80,"column":4},"end":{"line":83,"column":6}},"25":{"start":{"line":86,"column":4},"end":{"line":89,"column":6}},"26":{"start":{"line":91,"column":4},"end":{"line":91,"column":33}},"27":{"start":{"line":93,"column":4},"end":{"line":97,"column":6}},"28":{"start":{"line":99,"column":4},"end":{"line":103,"column":5}},"29":{"start":{"line":100,"column":6},"end":{"line":100,"column":37}},"30":{"start":{"line":102,"column":6},"end":{"line":102,"column":51}},"31":{"start":{"line":104,"column":4},"end":{"line":104,"column":50}},"32":{"start":{"line":105,"column":4},"end":{"line":109,"column":6}},"33":{"start":{"line":113,"column":20},"end":{"line":117,"column":2}},"34":{"start":{"line":113,"column":27},"end":{"line":117,"column":1}}},"fnMap":{"0":{"name":"handleDeleteBooking","decl":{"start":{"line":16,"column":22},"end":{"line":16,"column":41}},"loc":{"start":{"line":16,"column":57},"end":{"line":111,"column":1}},"line":16},"1":{"name":"(anonymous_1)","decl":{"start":{"line":113,"column":20},"end":{"line":113,"column":21}},"loc":{"start":{"line":113,"column":27},"end":{"line":117,"column":1}},"line":113}},"branchMap":{"0":{"loc":{"start":{"line":17,"column":12},"end":{"line":17,"column":45}},"type":"binary-expr","locations":[{"start":{"line":17,"column":12},"end":{"line":17,"column":39}},{"start":{"line":17,"column":43},"end":{"line":17,"column":45}}],"line":17},"1":{"loc":{"start":{"line":20,"column":2},"end":{"line":26,"column":3}},"type":"if","locations":[{"start":{"line":20,"column":2},"end":{"line":26,"column":3}},{"start":{},"end":{}}],"line":20},"2":{"loc":{"start":{"line":30,"column":2},"end":{"line":40,"column":3}},"type":"if","locations":[{"start":{"line":30,"column":2},"end":{"line":40,"column":3}},{"start":{"line":38,"column":9},"end":{"line":40,"column":3}}],"line":30},"3":{"loc":{"start":{"line":33,"column":16},"end":{"line":33,"column":66}},"type":"binary-expr","locations":[{"start":{"line":33,"column":16},"end":{"line":33,"column":28}},{"start":{"line":33,"column":32},"end":{"line":33,"column":58}},{"start":{"line":33,"column":62},"end":{"line":33,"column":66}}],"line":33},"4":{"loc":{"start":{"line":36,"column":16},"end":{"line":36,"column":50}},"type":"binary-expr","locations":[{"start":{"line":36,"column":16},"end":{"line":36,"column":42}},{"start":{"line":36,"column":46},"end":{"line":36,"column":50}}],"line":36},"5":{"loc":{"start":{"line":39,"column":14},"end":{"line":39,"column":48}},"type":"binary-expr","locations":[{"start":{"line":39,"column":14},"end":{"line":39,"column":40}},{"start":{"line":39,"column":44},"end":{"line":39,"column":48}}],"line":39},"6":{"loc":{"start":{"line":42,"column":2},"end":{"line":48,"column":3}},"type":"if","locations":[{"start":{"line":42,"column":2},"end":{"line":48,"column":3}},{"start":{},"end":{}}],"line":42},"7":{"loc":{"start":{"line":59,"column":4},"end":{"line":66,"column":5}},"type":"if","locations":[{"start":{"line":59,"column":4},"end":{"line":66,"column":5}},{"start":{},"end":{}}],"line":59},"8":{"loc":{"start":{"line":69,"column":4},"end":{"line":77,"column":5}},"type":"if","locations":[{"start":{"line":69,"column":4},"end":{"line":77,"column":5}},{"start":{},"end":{}}],"line":69}},"s":{"0":6,"1":6,"2":6,"3":1,"4":5,"5":5,"6":1,"7":1,"8":1,"9":0,"10":0,"11":4,"12":5,"13":1,"14":4,"15":4,"16":4,"17":3,"18":1,"19":1,"20":2,"21":2,"22":1,"23":1,"24":1,"25":1,"26":1,"27":1,"28":1,"29":1,"30":0,"31":1,"32":1,"33":1,"34":6},"f":{"0":6,"1":6},"b":{"0":[6,0],"1":[1,5],"2":[1,4],"3":[1,1,1],"4":[0,0],"5":[4,0],"6":[1,4],"7":[1,2],"8":[1,1]},"inputSourceMap":null,"_coverageSchema":"1a1c01bbd47fc00a2c39e90264f33305004495a9","hash":"a6f9536dbac7e3f9be97cf212ca08fca993be2e4"}
,"C:\\Users\\TharakaDilshan\\Downloads\\staff-management-system\\leave_management_lambda\\booking_handlers\\getBookingsHandler.mjs": {"path":"C:\\Users\\TharakaDilshan\\Downloads\\staff-management-system\\leave_management_lambda\\booking_handlers\\getBookingsHandler.mjs","statementMap":{"0":{"start":{"line":16,"column":12},"end":{"line":16,"column":45}},"1":{"start":{"line":17,"column":21},"end":{"line":17,"column":41}},"2":{"start":{"line":18,"column":18},"end":{"line":18,"column":35}},"3":{"start":{"line":19,"column":18},"end":{"line":19,"column":35}},"4":{"start":{"line":20,"column":21},"end":{"line":20,"column":41}},"5":{"start":{"line":21,"column":19},"end":{"line":21,"column":37}},"6":{"start":{"line":22,"column":15},"end":{"line":22,"column":48}},"7":{"start":{"line":23,"column":15},"end":{"line":23,"column":49}},"8":{"start":{"line":25,"column":2},"end":{"line":31,"column":3}},"9":{"start":{"line":26,"column":6},"end":{"line":30,"column":8}},"10":{"start":{"line":33,"column":2},"end":{"line":135,"column":3}},"11":{"start":{"line":35,"column":6},"end":{"line":62,"column":7}},"12":{"start":{"line":36,"column":30},"end":{"line":46,"column":11}},"13":{"start":{"line":47,"column":22},"end":{"line":47,"column":67}},"14":{"start":{"line":49,"column":10},"end":{"line":55,"column":11}},"15":{"start":{"line":50,"column":14},"end":{"line":54,"column":16}},"16":{"start":{"line":57,"column":10},"end":{"line":61,"column":12}},"17":{"start":{"line":65,"column":22},"end":{"line":65,"column":24}},"18":{"start":{"line":66,"column":21},"end":{"line":66,"column":23}},"19":{"start":{"line":67,"column":16},"end":{"line":67,"column":17}},"20":{"start":{"line":69,"column":6},"end":{"line":72,"column":7}},"21":{"start":{"line":70,"column":10},"end":{"line":70,"column":48}},"22":{"start":{"line":71,"column":10},"end":{"line":71,"column":31}},"23":{"start":{"line":74,"column":6},"end":{"line":77,"column":7}},"24":{"start":{"line":75,"column":10},"end":{"line":75,"column":48}},"25":{"start":{"line":76,"column":10},"end":{"line":76,"column":31}},"26":{"start":{"line":79,"column":6},"end":{"line":89,"column":7}},"27":{"start":{"line":80,"column":10},"end":{"line":80,"column":103}},"28":{"start":{"line":81,"column":10},"end":{"line":81,"column":44}},"29":{"start":{"line":82,"column":10},"end":{"line":82,"column":19}},"30":{"start":{"line":83,"column":13},"end":{"line":89,"column":7}},"31":{"start":{"line":84,"column":10},"end":{"line":84,"column":61}},"32":{"start":{"line":85,"column":10},"end":{"line":85,"column":34}},"33":{"start":{"line":86,"column":13},"end":{"line":89,"column":7}},"34":{"start":{"line":87,"column":10},"end":{"line":87,"column":63}},"35":{"start":{"line":88,"column":10},"end":{"line":88,"column":32}},"36":{"start":{"line":91,"column":26},"end":{"line":91,"column":84}},"37":{"start":{"line":94,"column":25},"end":{"line":94,"column":83}},"38":{"start":{"line":95,"column":23},"end":{"line":95,"column":61}},"39":{"start":{"line":96,"column":20},"end":{"line":96,"column":64}},"40":{"start":{"line":98,"column":21},"end":{"line":98,"column":38}},"41":{"start":{"line":101,"column":24},"end":{"line":112,"column":7}},"42":{"start":{"line":113,"column":6},"end":{"line":113,"column":32}},"43":{"start":{"line":115,"column":22},"end":{"line":115,"column":59}},"44":{"start":{"line":117,"column":6},"end":{"line":127,"column":8}},"45":{"start":{"line":129,"column":6},"end":{"line":129,"column":50}},"46":{"start":{"line":130,"column":6},"end":{"line":134,"column":8}},"47":{"start":{"line":138,"column":20},"end":{"line":142,"column":2}},"48":{"start":{"line":138,"column":27},"end":{"line":142,"column":1}}},"fnMap":{"0":{"name":"handleGetBookings","decl":{"start":{"line":15,"column":22},"end":{"line":15,"column":39}},"loc":{"start":{"line":15,"column":55},"end":{"line":136,"column":1}},"line":15},"1":{"name":"(anonymous_1)","decl":{"start":{"line":138,"column":20},"end":{"line":138,"column":21}},"loc":{"start":{"line":138,"column":27},"end":{"line":142,"column":1}},"line":138}},"branchMap":{"0":{"loc":{"start":{"line":16,"column":12},"end":{"line":16,"column":45}},"type":"binary-expr","locations":[{"start":{"line":16,"column":12},"end":{"line":16,"column":39}},{"start":{"line":16,"column":43},"end":{"line":16,"column":45}}],"line":16},"1":{"loc":{"start":{"line":17,"column":21},"end":{"line":17,"column":41}},"type":"binary-expr","locations":[{"start":{"line":17,"column":21},"end":{"line":17,"column":33}},{"start":{"line":17,"column":37},"end":{"line":17,"column":41}}],"line":17},"2":{"loc":{"start":{"line":18,"column":18},"end":{"line":18,"column":35}},"type":"binary-expr","locations":[{"start":{"line":18,"column":18},"end":{"line":18,"column":27}},{"start":{"line":18,"column":31},"end":{"line":18,"column":35}}],"line":18},"3":{"loc":{"start":{"line":19,"column":18},"end":{"line":19,"column":35}},"type":"binary-expr","locations":[{"start":{"line":19,"column":18},"end":{"line":19,"column":27}},{"start":{"line":19,"column":31},"end":{"line":19,"column":35}}],"line":19},"4":{"loc":{"start":{"line":20,"column":21},"end":{"line":20,"column":41}},"type":"binary-expr","locations":[{"start":{"line":20,"column":21},"end":{"line":20,"column":33}},{"start":{"line":20,"column":37},"end":{"line":20,"column":41}}],"line":20},"5":{"loc":{"start":{"line":21,"column":19},"end":{"line":21,"column":37}},"type":"binary-expr","locations":[{"start":{"line":21,"column":19},"end":{"line":21,"column":29}},{"start":{"line":21,"column":33},"end":{"line":21,"column":37}}],"line":21},"6":{"loc":{"start":{"line":22,"column":15},"end":{"line":22,"column":48}},"type":"cond-expr","locations":[{"start":{"line":22,"column":24},"end":{"line":22,"column":44}},{"start":{"line":22,"column":47},"end":{"line":22,"column":48}}],"line":22},"7":{"loc":{"start":{"line":23,"column":15},"end":{"line":23,"column":49}},"type":"cond-expr","locations":[{"start":{"line":23,"column":24},"end":{"line":23,"column":44}},{"start":{"line":23,"column":47},"end":{"line":23,"column":49}}],"line":23},"8":{"loc":{"start":{"line":25,"column":2},"end":{"line":31,"column":3}},"type":"if","locations":[{"start":{"line":25,"column":2},"end":{"line":31,"column":3}},{"start":{},"end":{}}],"line":25},"9":{"loc":{"start":{"line":25,"column":6},"end":{"line":25,"column":28}},"type":"binary-expr","locations":[{"start":{"line":25,"column":6},"end":{"line":25,"column":15}},{"start":{"line":25,"column":19},"end":{"line":25,"column":28}}],"line":25},"10":{"loc":{"start":{"line":35,"column":6},"end":{"line":62,"column":7}},"type":"if","locations":[{"start":{"line":35,"column":6},"end":{"line":62,"column":7}},{"start":{},"end":{}}],"line":35},"11":{"loc":{"start":{"line":49,"column":10},"end":{"line":55,"column":11}},"type":"if","locations":[{"start":{"line":49,"column":10},"end":{"line":55,"column":11}},{"start":{},"end":{}}],"line":49},"12":{"loc":{"start":{"line":69,"column":6},"end":{"line":72,"column":7}},"type":"if","locations":[{"start":{"line":69,"column":6},"end":{"line":72,"column":7}},{"start":{},"end":{}}],"line":69},"13":{"loc":{"start":{"line":74,"column":6},"end":{"line":77,"column":7}},"type":"if","locations":[{"start":{"line":74,"column":6},"end":{"line":77,"column":7}},{"start":{},"end":{}}],"line":74},"14":{"loc":{"start":{"line":79,"column":6},"end":{"line":89,"column":7}},"type":"if","locations":[{"start":{"line":79,"column":6},"end":{"line":89,"column":7}},{"start":{"line":83,"column":13},"end":{"line":89,"column":7}}],"line":79},"15":{"loc":{"start":{"line":79,"column":10},"end":{"line":79,"column":32}},"type":"binary-expr","locations":[{"start":{"line":79,"column":10},"end":{"line":79,"column":20}},{"start":{"line":79,"column":24},"end":{"line":79,"column":32}}],"line":79},"16":{"loc":{"start":{"line":83,"column":13},"end":{"line":89,"column":7}},"type":"if","locations":[{"start":{"line":83,"column":13},"end":{"line":89,"column":7}},{"start":{"line":86,"column":13},"end":{"line":89,"column":7}}],"line":83},"17":{"loc":{"start":{"line":86,"column":13},"end":{"line":89,"column":7}},"type":"if","locations":[{"start":{"line":86,"column":13},"end":{"line":89,"column":7}},{"start":{},"end":{}}],"line":86},"18":{"loc":{"start":{"line":91,"column":26},"end":{"line":91,"column":84}},"type":"cond-expr","locations":[{"start":{"line":91,"column":47},"end":{"line":91,"column":79}},{"start":{"line":91,"column":82},"end":{"line":91,"column":84}}],"line":91},"19":{"loc":{"start":{"line":96,"column":29},"end":{"line":96,"column":59}},"type":"binary-expr","locations":[{"start":{"line":96,"column":29},"end":{"line":96,"column":52}},{"start":{"line":96,"column":56},"end":{"line":96,"column":59}}],"line":96}},"s":{"0":5,"1":5,"2":5,"3":5,"4":5,"5":5,"6":5,"7":5,"8":5,"9":1,"10":4,"11":4,"12":2,"13":2,"14":2,"15":1,"16":1,"17":2,"18":2,"19":2,"20":2,"21":0,"22":0,"23":2,"24":0,"25":0,"26":2,"27":0,"28":0,"29":0,"30":2,"31":0,"32":0,"33":2,"34":0,"35":0,"36":2,"37":2,"38":2,"39":1,"40":1,"41":1,"42":1,"43":1,"44":1,"45":1,"46":1,"47":1,"48":5},"f":{"0":5,"1":5},"b":{"0":[5,0],"1":[5,3],"2":[5,5],"3":[5,5],"4":[5,5],"5":[5,5],"6":[1,4],"7":[1,4],"8":[1,4],"9":[5,4],"10":[2,2],"11":[1,1],"12":[0,2],"13":[0,2],"14":[0,2],"15":[2,0],"16":[0,2],"17":[0,2],"18":[0,2],"19":[1,0]},"inputSourceMap":null,"_coverageSchema":"1a1c01bbd47fc00a2c39e90264f33305004495a9","hash":"0e6f647aad260daeb19e130b76203a939cc148ec"}
,"C:\\Users\\TharakaDilshan\\Downloads\\staff-management-system\\leave_management_lambda\\booking_handlers\\roomAvailabilityHandler.mjs": {"path":"C:\\Users\\TharakaDilshan\\Downloads\\staff-management-system\\leave_management_lambda\\booking_handlers\\roomAvailabilityHandler.mjs","statementMap":{"0":{"start":{"line":3,"column":38},"end":{"line":136,"column":3}},"1":{"start":{"line":4,"column":18},"end":{"line":4,"column":51}},"2":{"start":{"line":5,"column":19},"end":{"line":5,"column":32}},"3":{"start":{"line":6,"column":25},"end":{"line":6,"column":36}},"4":{"start":{"line":7,"column":23},"end":{"line":7,"column":32}},"5":{"start":{"line":9,"column":4},"end":{"line":135,"column":5}},"6":{"start":{"line":10,"column":6},"end":{"line":23,"column":7}},"7":{"start":{"line":12,"column":25},"end":{"line":14,"column":9}},"8":{"start":{"line":16,"column":8},"end":{"line":22,"column":10}},"9":{"start":{"line":26,"column":22},"end":{"line":29,"column":7}},"10":{"start":{"line":31,"column":6},"end":{"line":37,"column":7}},"11":{"start":{"line":32,"column":8},"end":{"line":36,"column":10}},"12":{"start":{"line":39,"column":19},"end":{"line":39,"column":34}},"13":{"start":{"line":42,"column":22},"end":{"line":42,"column":72}},"14":{"start":{"line":43,"column":20},"end":{"line":43,"column":75}},"15":{"start":{"line":45,"column":6},"end":{"line":45,"column":40}},"16":{"start":{"line":48,"column":6},"end":{"line":54,"column":7}},"17":{"start":{"line":49,"column":8},"end":{"line":53,"column":10}},"18":{"start":{"line":56,"column":6},"end":{"line":62,"column":7}},"19":{"start":{"line":57,"column":8},"end":{"line":61,"column":10}},"20":{"start":{"line":65,"column":24},"end":{"line":79,"column":7}},"21":{"start":{"line":81,"column":22},"end":{"line":81,"column":167}},"22":{"start":{"line":84,"column":23},"end":{"line":84,"column":25}},"23":{"start":{"line":85,"column":20},"end":{"line":85,"column":39}},"24":{"start":{"line":87,"column":6},"end":{"line":108,"column":7}},"25":{"start":{"line":88,"column":26},"end":{"line":88,"column":51}},"26":{"start":{"line":89,"column":24},"end":{"line":89,"column":47}},"27":{"start":{"line":92,"column":8},"end":{"line":98,"column":9}},"28":{"start":{"line":93,"column":10},"end":{"line":97,"column":13}},"29":{"start":{"line":101,"column":8},"end":{"line":105,"column":11}},"30":{"start":{"line":107,"column":8},"end":{"line":107,"column":56}},"31":{"start":{"line":111,"column":6},"end":{"line":117,"column":7}},"32":{"start":{"line":112,"column":8},"end":{"line":116,"column":11}},"33":{"start":{"line":119,"column":6},"end":{"line":127,"column":8}},"34":{"start":{"line":129,"column":6},"end":{"line":129,"column":57}},"35":{"start":{"line":130,"column":6},"end":{"line":134,"column":8}},"36":{"start":{"line":139,"column":22},"end":{"line":143,"column":4}},"37":{"start":{"line":139,"column":29},"end":{"line":143,"column":3}}},"fnMap":{"0":{"name":"(anonymous_0)","decl":{"start":{"line":3,"column":38},"end":{"line":3,"column":39}},"loc":{"start":{"line":3,"column":63},"end":{"line":136,"column":3}},"line":3},"1":{"name":"(anonymous_1)","decl":{"start":{"line":139,"column":22},"end":{"line":139,"column":23}},"loc":{"start":{"line":139,"column":29},"end":{"line":143,"column":3}},"line":139}},"branchMap":{"0":{"loc":{"start":{"line":4,"column":18},"end":{"line":4,"column":51}},"type":"binary-expr","locations":[{"start":{"line":4,"column":18},"end":{"line":4,"column":45}},{"start":{"line":4,"column":49},"end":{"line":4,"column":51}}],"line":4},"1":{"loc":{"start":{"line":10,"column":6},"end":{"line":23,"column":7}},"type":"if","locations":[{"start":{"line":10,"column":6},"end":{"line":23,"column":7}},{"start":{},"end":{}}],"line":10},"2":{"loc":{"start":{"line":31,"column":6},"end":{"line":37,"column":7}},"type":"if","locations":[{"start":{"line":31,"column":6},"end":{"line":37,"column":7}},{"start":{},"end":{}}],"line":31},"3":{"loc":{"start":{"line":42,"column":22},"end":{"line":42,"column":72}},"type":"cond-expr","locations":[{"start":{"line":42,"column":37},"end":{"line":42,"column":59}},{"start":{"line":42,"column":62},"end":{"line":42,"column":72}}],"line":42},"4":{"loc":{"start":{"line":43,"column":20},"end":{"line":43,"column":75}},"type":"cond-expr","locations":[{"start":{"line":43,"column":33},"end":{"line":43,"column":53}},{"start":{"line":43,"column":56},"end":{"line":43,"column":75}}],"line":43},"5":{"loc":{"start":{"line":48,"column":6},"end":{"line":54,"column":7}},"type":"if","locations":[{"start":{"line":48,"column":6},"end":{"line":54,"column":7}},{"start":{},"end":{}}],"line":48},"6":{"loc":{"start":{"line":48,"column":10},"end":{"line":48,"column":64}},"type":"binary-expr","locations":[{"start":{"line":48,"column":10},"end":{"line":48,"column":36}},{"start":{"line":48,"column":40},"end":{"line":48,"column":64}}],"line":48},"7":{"loc":{"start":{"line":56,"column":6},"end":{"line":62,"column":7}},"type":"if","locations":[{"start":{"line":56,"column":6},"end":{"line":62,"column":7}},{"start":{},"end":{}}],"line":56},"8":{"loc":{"start":{"line":81,"column":61},"end":{"line":81,"column":114}},"type":"binary-expr","locations":[{"start":{"line":81,"column":61},"end":{"line":81,"column":73}},{"start":{"line":81,"column":77},"end":{"line":81,"column":114}}],"line":81},"9":{"loc":{"start":{"line":81,"column":116},"end":{"line":81,"column":165}},"type":"binary-expr","locations":[{"start":{"line":81,"column":116},"end":{"line":81,"column":126}},{"start":{"line":81,"column":130},"end":{"line":81,"column":165}}],"line":81},"10":{"loc":{"start":{"line":92,"column":8},"end":{"line":98,"column":9}},"type":"if","locations":[{"start":{"line":92,"column":8},"end":{"line":98,"column":9}},{"start":{},"end":{}}],"line":92},"11":{"loc":{"start":{"line":107,"column":18},"end":{"line":107,"column":55}},"type":"cond-expr","locations":[{"start":{"line":107,"column":38},"end":{"line":107,"column":45}},{"start":{"line":107,"column":48},"end":{"line":107,"column":55}}],"line":107},"12":{"loc":{"start":{"line":111,"column":6},"end":{"line":117,"column":7}},"type":"if","locations":[{"start":{"line":111,"column":6},"end":{"line":117,"column":7}},{"start":{},"end":{}}],"line":111}},"s":{"0":1,"1":6,"2":6,"3":6,"4":6,"5":6,"6":6,"7":2,"8":1,"9":4,"10":4,"11":1,"12":3,"13":3,"14":3,"15":3,"16":3,"17":1,"18":2,"19":1,"20":1,"21":1,"22":1,"23":1,"24":1,"25":2,"26":2,"27":2,"28":2,"29":2,"30":2,"31":1,"32":1,"33":1,"34":1,"35":1,"36":1,"37":6},"f":{"0":6,"1":6},"b":{"0":[6,0],"1":[2,4],"2":[1,3],"3":[3,0],"4":[3,0],"5":[1,2],"6":[3,2],"7":[1,1],"8":[1,0],"9":[1,0],"10":[2,0],"11":[2,0],"12":[1,0]},"inputSourceMap":null,"_coverageSchema":"1a1c01bbd47fc00a2c39e90264f33305004495a9","hash":"55adaf474693d324fe68d4aed483613cc4e122c0"}
,"C:\\Users\\TharakaDilshan\\Downloads\\staff-management-system\\leave_management_lambda\\booking_handlers\\roomSearchHandler.mjs": {"path":"C:\\Users\\TharakaDilshan\\Downloads\\staff-management-system\\leave_management_lambda\\booking_handlers\\roomSearchHandler.mjs","statementMap":{"0":{"start":{"line":3,"column":32},"end":{"line":94,"column":3}},"1":{"start":{"line":4,"column":18},"end":{"line":4,"column":52}},"2":{"start":{"line":6,"column":17},"end":{"line":6,"column":35}},"3":{"start":{"line":7,"column":21},"end":{"line":7,"column":73}},"4":{"start":{"line":11,"column":6},"end":{"line":13,"column":14}},"5":{"start":{"line":12,"column":49},"end":{"line":12,"column":57}},"6":{"start":{"line":16,"column":17},"end":{"line":16,"column":58}},"7":{"start":{"line":17,"column":17},"end":{"line":17,"column":59}},"8":{"start":{"line":19,"column":18},"end":{"line":19,"column":22}},"9":{"start":{"line":20,"column":19},"end":{"line":20,"column":36}},"10":{"start":{"line":23,"column":4},"end":{"line":29,"column":5}},"11":{"start":{"line":24,"column":6},"end":{"line":28,"column":8}},"12":{"start":{"line":31,"column":4},"end":{"line":93,"column":5}},"13":{"start":{"line":32,"column":23},"end":{"line":60,"column":7}},"14":{"start":{"line":62,"column":21},"end":{"line":68,"column":7}},"15":{"start":{"line":70,"column":21},"end":{"line":70,"column":57}},"16":{"start":{"line":72,"column":6},"end":{"line":81,"column":8}},"17":{"start":{"line":83,"column":6},"end":{"line":83,"column":51}},"18":{"start":{"line":85,"column":6},"end":{"line":92,"column":8}},"19":{"start":{"line":97,"column":22},"end":{"line":101,"column":4}},"20":{"start":{"line":97,"column":29},"end":{"line":101,"column":3}}},"fnMap":{"0":{"name":"(anonymous_0)","decl":{"start":{"line":3,"column":32},"end":{"line":3,"column":33}},"loc":{"start":{"line":3,"column":57},"end":{"line":94,"column":3}},"line":3},"1":{"name":"(anonymous_1)","decl":{"start":{"line":12,"column":42},"end":{"line":12,"column":43}},"loc":{"start":{"line":12,"column":49},"end":{"line":12,"column":57}},"line":12},"2":{"name":"(anonymous_2)","decl":{"start":{"line":97,"column":22},"end":{"line":97,"column":23}},"loc":{"start":{"line":97,"column":29},"end":{"line":101,"column":3}},"line":97}},"branchMap":{"0":{"loc":{"start":{"line":4,"column":18},"end":{"line":4,"column":52}},"type":"binary-expr","locations":[{"start":{"line":4,"column":18},"end":{"line":4,"column":46}},{"start":{"line":4,"column":50},"end":{"line":4,"column":52}}],"line":4},"1":{"loc":{"start":{"line":6,"column":17},"end":{"line":6,"column":35}},"type":"binary-expr","locations":[{"start":{"line":6,"column":17},"end":{"line":6,"column":27}},{"start":{"line":6,"column":31},"end":{"line":6,"column":35}}],"line":6},"2":{"loc":{"start":{"line":7,"column":21},"end":{"line":7,"column":73}},"type":"cond-expr","locations":[{"start":{"line":7,"column":38},"end":{"line":7,"column":66}},{"start":{"line":7,"column":69},"end":{"line":7,"column":73}}],"line":7},"3":{"loc":{"start":{"line":11,"column":6},"end":{"line":13,"column":14}},"type":"cond-expr","locations":[{"start":{"line":12,"column":10},"end":{"line":12,"column":58}},{"start":{"line":13,"column":10},"end":{"line":13,"column":14}}],"line":11},"4":{"loc":{"start":{"line":11,"column":6},"end":{"line":11,"column":60}},"type":"binary-expr","locations":[{"start":{"line":11,"column":6},"end":{"line":11,"column":22}},{"start":{"line":11,"column":26},"end":{"line":11,"column":60}}],"line":11},"5":{"loc":{"start":{"line":16,"column":17},"end":{"line":16,"column":58}},"type":"cond-expr","locations":[{"start":{"line":16,"column":30},"end":{"line":16,"column":54}},{"start":{"line":16,"column":57},"end":{"line":16,"column":58}}],"line":16},"6":{"loc":{"start":{"line":17,"column":17},"end":{"line":17,"column":59}},"type":"cond-expr","locations":[{"start":{"line":17,"column":30},"end":{"line":17,"column":54}},{"start":{"line":17,"column":57},"end":{"line":17,"column":59}}],"line":17},"7":{"loc":{"start":{"line":23,"column":4},"end":{"line":29,"column":5}},"type":"if","locations":[{"start":{"line":23,"column":4},"end":{"line":29,"column":5}},{"start":{},"end":{}}],"line":23},"8":{"loc":{"start":{"line":23,"column":8},"end":{"line":23,"column":39}},"type":"binary-expr","locations":[{"start":{"line":23,"column":8},"end":{"line":23,"column":12}},{"start":{"line":23,"column":16},"end":{"line":23,"column":39}}],"line":23}},"s":{"0":1,"1":7,"2":7,"3":7,"4":7,"5":2,"6":7,"7":7,"8":7,"9":7,"10":7,"11":1,"12":6,"13":6,"14":6,"15":6,"16":5,"17":1,"18":1,"19":1,"20":7},"f":{"0":7,"1":2,"2":7},"b":{"0":[7,0],"1":[7,5],"2":[1,6],"3":[1,6],"4":[7,1],"5":[1,6],"6":[1,6],"7":[1,6],"8":[7,2]},"inputSourceMap":null,"_coverageSchema":"1a1c01bbd47fc00a2c39e90264f33305004495a9","hash":"c892334e1d852c64230e574e229ec442eecf7bd3"}
,"C:\\Users\\TharakaDilshan\\Downloads\\staff-management-system\\leave_management_lambda\\booking_handlers\\utilizationReportHandler.mjs": {"path":"C:\\Users\\TharakaDilshan\\Downloads\\staff-management-system\\leave_management_lambda\\booking_handlers\\utilizationReportHandler.mjs","statementMap":{"0":{"start":{"line":18,"column":14},"end":{"line":18,"column":47}},"1":{"start":{"line":19,"column":23},"end":{"line":19,"column":35}},"2":{"start":{"line":20,"column":21},"end":{"line":20,"column":31}},"3":{"start":{"line":21,"column":21},"end":{"line":21,"column":60}},"4":{"start":{"line":23,"column":4},"end":{"line":29,"column":5}},"5":{"start":{"line":24,"column":6},"end":{"line":28,"column":8}},"6":{"start":{"line":31,"column":18},"end":{"line":31,"column":38}},"7":{"start":{"line":32,"column":16},"end":{"line":32,"column":34}},"8":{"start":{"line":33,"column":4},"end":{"line":39,"column":5}},"9":{"start":{"line":34,"column":6},"end":{"line":38,"column":8}},"10":{"start":{"line":41,"column":4},"end":{"line":101,"column":5}},"11":{"start":{"line":42,"column":24},"end":{"line":42,"column":26}},"12":{"start":{"line":43,"column":19},"end":{"line":43,"column":59}},"13":{"start":{"line":45,"column":6},"end":{"line":79,"column":7}},"14":{"start":{"line":46,"column":8},"end":{"line":62,"column":10}},"15":{"start":{"line":65,"column":8},"end":{"line":78,"column":10}},"16":{"start":{"line":81,"column":18},"end":{"line":81,"column":57}},"17":{"start":{"line":83,"column":6},"end":{"line":93,"column":8}},"18":{"start":{"line":95,"column":6},"end":{"line":95,"column":56}},"19":{"start":{"line":96,"column":6},"end":{"line":100,"column":8}},"20":{"start":{"line":104,"column":22},"end":{"line":108,"column":4}},"21":{"start":{"line":104,"column":29},"end":{"line":108,"column":3}}},"fnMap":{"0":{"name":"handleUtilizationReport","decl":{"start":{"line":17,"column":22},"end":{"line":17,"column":45}},"loc":{"start":{"line":17,"column":61},"end":{"line":102,"column":3}},"line":17},"1":{"name":"(anonymous_1)","decl":{"start":{"line":104,"column":22},"end":{"line":104,"column":23}},"loc":{"start":{"line":104,"column":29},"end":{"line":108,"column":3}},"line":104}},"branchMap":{"0":{"loc":{"start":{"line":18,"column":14},"end":{"line":18,"column":47}},"type":"binary-expr","locations":[{"start":{"line":18,"column":14},"end":{"line":18,"column":41}},{"start":{"line":18,"column":45},"end":{"line":18,"column":47}}],"line":18},"1":{"loc":{"start":{"line":21,"column":21},"end":{"line":21,"column":60}},"type":"cond-expr","locations":[{"start":{"line":21,"column":45},"end":{"line":21,"column":51}},{"start":{"line":21,"column":54},"end":{"line":21,"column":60}}],"line":21},"2":{"loc":{"start":{"line":23,"column":4},"end":{"line":29,"column":5}},"type":"if","locations":[{"start":{"line":23,"column":4},"end":{"line":29,"column":5}},{"start":{},"end":{}}],"line":23},"3":{"loc":{"start":{"line":23,"column":8},"end":{"line":23,"column":32}},"type":"binary-expr","locations":[{"start":{"line":23,"column":8},"end":{"line":23,"column":19}},{"start":{"line":23,"column":23},"end":{"line":23,"column":32}}],"line":23},"4":{"loc":{"start":{"line":33,"column":4},"end":{"line":39,"column":5}},"type":"if","locations":[{"start":{"line":33,"column":4},"end":{"line":39,"column":5}},{"start":{},"end":{}}],"line":33},"5":{"loc":{"start":{"line":33,"column":8},"end":{"line":33,"column":69}},"type":"binary-expr","locations":[{"start":{"line":33,"column":8},"end":{"line":33,"column":30}},{"start":{"line":33,"column":34},"end":{"line":33,"column":54}},{"start":{"line":33,"column":58},"end":{"line":33,"column":69}}],"line":33},"6":{"loc":{"start":{"line":45,"column":6},"end":{"line":79,"column":7}},"type":"if","locations":[{"start":{"line":45,"column":6},"end":{"line":79,"column":7}},{"start":{"line":63,"column":13},"end":{"line":79,"column":7}}],"line":45}},"s":{"0":5,"1":5,"2":5,"3":5,"4":5,"5":1,"6":4,"7":4,"8":4,"9":1,"10":3,"11":3,"12":3,"13":3,"14":2,"15":1,"16":3,"17":2,"18":1,"19":1,"20":1,"21":5},"f":{"0":5,"1":5},"b":{"0":[5,0],"1":[1,4],"2":[1,4],"3":[5,4],"4":[1,3],"5":[4,4,4],"6":[2,1]},"inputSourceMap":null,"_coverageSchema":"1a1c01bbd47fc00a2c39e90264f33305004495a9","hash":"893928f5b9d19edb82c303eb2fd619dcf20122af"}
,"C:\\Users\\TharakaDilshan\\Downloads\\staff-management-system\\leave_management_lambda\\handlers\\attendanceHandler.mjs": {"path":"C:\\Users\\TharakaDilshan\\Downloads\\staff-management-system\\leave_management_lambda\\handlers\\attendanceHandler.mjs","statementMap":{"0":{"start":{"line":4,"column":19},"end":{"line":4,"column":45}},"1":{"start":{"line":5,"column":4},"end":{"line":15,"column":5}},"2":{"start":{"line":6,"column":6},"end":{"line":14,"column":8}},"3":{"start":{"line":17,"column":24},"end":{"line":21,"column":5}},"4":{"start":{"line":23,"column":4},"end":{"line":45,"column":5}},"5":{"start":{"line":24,"column":21},"end":{"line":24,"column":62}},"6":{"start":{"line":25,"column":6},"end":{"line":33,"column":8}},"7":{"start":{"line":35,"column":6},"end":{"line":35,"column":44}},"8":{"start":{"line":36,"column":6},"end":{"line":44,"column":8}},"9":{"start":{"line":49,"column":19},"end":{"line":49,"column":45}},"10":{"start":{"line":50,"column":4},"end":{"line":60,"column":5}},"11":{"start":{"line":51,"column":6},"end":{"line":59,"column":8}},"12":{"start":{"line":62,"column":24},"end":{"line":66,"column":5}},"13":{"start":{"line":68,"column":4},"end":{"line":90,"column":5}},"14":{"start":{"line":69,"column":21},"end":{"line":69,"column":62}},"15":{"start":{"line":70,"column":6},"end":{"line":78,"column":8}},"16":{"start":{"line":80,"column":6},"end":{"line":80,"column":45}},"17":{"start":{"line":81,"column":6},"end":{"line":89,"column":8}}},"fnMap":{"0":{"name":"handleClockIn","decl":{"start":{"line":3,"column":22},"end":{"line":3,"column":35}},"loc":{"start":{"line":3,"column":51},"end":{"line":46,"column":3}},"line":3},"1":{"name":"handleClockOut","decl":{"start":{"line":48,"column":24},"end":{"line":48,"column":38}},"loc":{"start":{"line":48,"column":54},"end":{"line":91,"column":3}},"line":48}},"branchMap":{"0":{"loc":{"start":{"line":5,"column":4},"end":{"line":15,"column":5}},"type":"if","locations":[{"start":{"line":5,"column":4},"end":{"line":15,"column":5}},{"start":{},"end":{}}],"line":5},"1":{"loc":{"start":{"line":50,"column":4},"end":{"line":60,"column":5}},"type":"if","locations":[{"start":{"line":50,"column":4},"end":{"line":60,"column":5}},{"start":{},"end":{}}],"line":50}},"s":{"0":3,"1":3,"2":1,"3":2,"4":2,"5":2,"6":1,"7":1,"8":1,"9":3,"10":3,"11":1,"12":2,"13":2,"14":2,"15":1,"16":1,"17":1},"f":{"0":3,"1":3},"b":{"0":[1,2],"1":[1,2]},"inputSourceMap":null,"_coverageSchema":"1a1c01bbd47fc00a2c39e90264f33305004495a9","hash":"33cc0ef60dd99548d6e041d147dcc9fd330b4d8a"}
,"C:\\Users\\TharakaDilshan\\Downloads\\staff-management-system\\leave_management_lambda\\handlers\\attendanceLogHandler.mjs": {"path":"C:\\Users\\TharakaDilshan\\Downloads\\staff-management-system\\leave_management_lambda\\handlers\\attendanceLogHandler.mjs","statementMap":{"0":{"start":{"line":4,"column":67},"end":{"line":4,"column":78}},"1":{"start":{"line":6,"column":4},"end":{"line":16,"column":5}},"2":{"start":{"line":7,"column":6},"end":{"line":15,"column":8}},"3":{"start":{"line":18,"column":20},"end":{"line":18,"column":37}},"4":{"start":{"line":19,"column":20},"end":{"line":19,"column":38}},"5":{"start":{"line":20,"column":19},"end":{"line":20,"column":42}},"6":{"start":{"line":23,"column":20},"end":{"line":27,"column":5}},"7":{"start":{"line":28,"column":19},"end":{"line":28,"column":28}},"8":{"start":{"line":29,"column":16},"end":{"line":29,"column":17}},"9":{"start":{"line":31,"column":4},"end":{"line":41,"column":5}},"10":{"start":{"line":32,"column":6},"end":{"line":32,"column":67}},"11":{"start":{"line":33,"column":6},"end":{"line":33,"column":40}},"12":{"start":{"line":34,"column":6},"end":{"line":34,"column":17}},"13":{"start":{"line":35,"column":11},"end":{"line":41,"column":5}},"14":{"start":{"line":36,"column":6},"end":{"line":36,"column":46}},"15":{"start":{"line":37,"column":6},"end":{"line":37,"column":30}},"16":{"start":{"line":38,"column":11},"end":{"line":41,"column":5}},"17":{"start":{"line":39,"column":6},"end":{"line":39,"column":46}},"18":{"start":{"line":40,"column":6},"end":{"line":40,"column":28}},"19":{"start":{"line":43,"column":27},"end":{"line":43,"column":97}},"20":{"start":{"line":44,"column":4},"end":{"line":44,"column":33}},"21":{"start":{"line":46,"column":19},"end":{"line":46,"column":61}},"22":{"start":{"line":49,"column":21},"end":{"line":49,"column":86}},"23":{"start":{"line":50,"column":24},"end":{"line":50,"column":33}},"24":{"start":{"line":51,"column":12},"end":{"line":51,"column":13}},"25":{"start":{"line":53,"column":4},"end":{"line":63,"column":5}},"26":{"start":{"line":54,"column":6},"end":{"line":54,"column":60}},"27":{"start":{"line":55,"column":6},"end":{"line":55,"column":45}},"28":{"start":{"line":56,"column":6},"end":{"line":56,"column":13}},"29":{"start":{"line":57,"column":11},"end":{"line":63,"column":5}},"30":{"start":{"line":58,"column":6},"end":{"line":58,"column":43}},"31":{"start":{"line":59,"column":6},"end":{"line":59,"column":35}},"32":{"start":{"line":60,"column":11},"end":{"line":63,"column":5}},"33":{"start":{"line":61,"column":6},"end":{"line":61,"column":43}},"34":{"start":{"line":62,"column":6},"end":{"line":62,"column":33}},"35":{"start":{"line":65,"column":24},"end":{"line":65,"column":67}},"36":{"start":{"line":66,"column":18},"end":{"line":66,"column":57}},"37":{"start":{"line":68,"column":4},"end":{"line":87,"column":6}}},"fnMap":{"0":{"name":"handleAttendanceLogs","decl":{"start":{"line":3,"column":22},"end":{"line":3,"column":42}},"loc":{"start":{"line":3,"column":64},"end":{"line":88,"column":3}},"line":3}},"branchMap":{"0":{"loc":{"start":{"line":4,"column":43},"end":{"line":4,"column":51}},"type":"default-arg","locations":[{"start":{"line":4,"column":50},"end":{"line":4,"column":51}}],"line":4},"1":{"loc":{"start":{"line":4,"column":53},"end":{"line":4,"column":62}},"type":"default-arg","locations":[{"start":{"line":4,"column":60},"end":{"line":4,"column":62}}],"line":4},"2":{"loc":{"start":{"line":6,"column":4},"end":{"line":16,"column":5}},"type":"if","locations":[{"start":{"line":6,"column":4},"end":{"line":16,"column":5}},{"start":{},"end":{}}],"line":6},"3":{"loc":{"start":{"line":18,"column":20},"end":{"line":18,"column":37}},"type":"binary-expr","locations":[{"start":{"line":18,"column":20},"end":{"line":18,"column":32}},{"start":{"line":18,"column":36},"end":{"line":18,"column":37}}],"line":18},"4":{"loc":{"start":{"line":19,"column":20},"end":{"line":19,"column":38}},"type":"binary-expr","locations":[{"start":{"line":19,"column":20},"end":{"line":19,"column":32}},{"start":{"line":19,"column":36},"end":{"line":19,"column":38}}],"line":19},"5":{"loc":{"start":{"line":31,"column":4},"end":{"line":41,"column":5}},"type":"if","locations":[{"start":{"line":31,"column":4},"end":{"line":41,"column":5}},{"start":{"line":35,"column":11},"end":{"line":41,"column":5}}],"line":31},"6":{"loc":{"start":{"line":31,"column":8},"end":{"line":31,"column":30}},"type":"binary-expr","locations":[{"start":{"line":31,"column":8},"end":{"line":31,"column":18}},{"start":{"line":31,"column":22},"end":{"line":31,"column":30}}],"line":31},"7":{"loc":{"start":{"line":35,"column":11},"end":{"line":41,"column":5}},"type":"if","locations":[{"start":{"line":35,"column":11},"end":{"line":41,"column":5}},{"start":{"line":38,"column":11},"end":{"line":41,"column":5}}],"line":35},"8":{"loc":{"start":{"line":38,"column":11},"end":{"line":41,"column":5}},"type":"if","locations":[{"start":{"line":38,"column":11},"end":{"line":41,"column":5}},{"start":{},"end":{}}],"line":38},"9":{"loc":{"start":{"line":53,"column":4},"end":{"line":63,"column":5}},"type":"if","locations":[{"start":{"line":53,"column":4},"end":{"line":63,"column":5}},{"start":{"line":57,"column":11},"end":{"line":63,"column":5}}],"line":53},"10":{"loc":{"start":{"line":53,"column":8},"end":{"line":53,"column":30}},"type":"binary-expr","locations":[{"start":{"line":53,"column":8},"end":{"line":53,"column":18}},{"start":{"line":53,"column":22},"end":{"line":53,"column":30}}],"line":53},"11":{"loc":{"start":{"line":57,"column":11},"end":{"line":63,"column":5}},"type":"if","locations":[{"start":{"line":57,"column":11},"end":{"line":63,"column":5}},{"start":{"line":60,"column":11},"end":{"line":63,"column":5}}],"line":57},"12":{"loc":{"start":{"line":60,"column":11},"end":{"line":63,"column":5}},"type":"if","locations":[{"start":{"line":60,"column":11},"end":{"line":63,"column":5}},{"start":{},"end":{}}],"line":60}},"s":{"0":4,"1":4,"2":1,"3":3,"4":3,"5":3,"6":3,"7":3,"8":3,"9":3,"10":1,"11":1,"12":1,"13":2,"14":0,"15":0,"16":2,"17":0,"18":0,"19":3,"20":3,"21":3,"22":3,"23":3,"24":3,"25":3,"26":1,"27":1,"28":1,"29":2,"30":0,"31":0,"32":2,"33":0,"34":0,"35":3,"36":3,"37":3},"f":{"0":4},"b":{"0":[2],"1":[2],"2":[1,3],"3":[3,0],"4":[3,0],"5":[1,2],"6":[3,1],"7":[0,2],"8":[0,2],"9":[1,2],"10":[3,1],"11":[0,2],"12":[0,2]},"inputSourceMap":null,"_coverageSchema":"1a1c01bbd47fc00a2c39e90264f33305004495a9","hash":"0c3419900aa11a373aba3995efc0822b012e9d15"}
,"C:\\Users\\TharakaDilshan\\Downloads\\staff-management-system\\leave_management_lambda\\handlers\\getUserDisplayName.mjs": {"path":"C:\\Users\\TharakaDilshan\\Downloads\\staff-management-system\\leave_management_lambda\\handlers\\getUserDisplayName.mjs","statementMap":{"0":{"start":{"line":2,"column":24},"end":{"line":2,"column":35}},"1":{"start":{"line":4,"column":4},"end":{"line":69,"column":5}},"2":{"start":{"line":5,"column":6},"end":{"line":53,"column":7}},"3":{"start":{"line":7,"column":23},"end":{"line":10,"column":9}},"4":{"start":{"line":12,"column":8},"end":{"line":25,"column":9}},"5":{"start":{"line":13,"column":10},"end":{"line":24,"column":12}},"6":{"start":{"line":27,"column":8},"end":{"line":37,"column":10}},"7":{"start":{"line":40,"column":23},"end":{"line":42,"column":9}},"8":{"start":{"line":44,"column":8},"end":{"line":52,"column":10}},"9":{"start":{"line":55,"column":6},"end":{"line":55,"column":50}},"10":{"start":{"line":56,"column":6},"end":{"line":68,"column":8}}},"fnMap":{"0":{"name":"handleGetUserDisplayName","decl":{"start":{"line":1,"column":22},"end":{"line":1,"column":46}},"loc":{"start":{"line":1,"column":68},"end":{"line":70,"column":3}},"line":1}},"branchMap":{"0":{"loc":{"start":{"line":5,"column":6},"end":{"line":53,"column":7}},"type":"if","locations":[{"start":{"line":5,"column":6},"end":{"line":53,"column":7}},{"start":{"line":38,"column":13},"end":{"line":53,"column":7}}],"line":5},"1":{"loc":{"start":{"line":12,"column":8},"end":{"line":25,"column":9}},"type":"if","locations":[{"start":{"line":12,"column":8},"end":{"line":25,"column":9}},{"start":{},"end":{}}],"line":12}},"s":{"0":4,"1":4,"2":4,"3":3,"4":2,"5":1,"6":1,"7":1,"8":1,"9":1,"10":1},"f":{"0":4},"b":{"0":[3,1],"1":[1,1]},"inputSourceMap":null,"_coverageSchema":"1a1c01bbd47fc00a2c39e90264f33305004495a9","hash":"61b8427bcbb7a257c41323ab3db4b4f077a074cf"}
,"C:\\Users\\TharakaDilshan\\Downloads\\staff-management-system\\leave_management_lambda\\handlers\\healthHandler.mjs": {"path":"C:\\Users\\TharakaDilshan\\Downloads\\staff-management-system\\leave_management_lambda\\handlers\\healthHandler.mjs","statementMap":{"0":{"start":{"line":1,"column":33},"end":{"line":32,"column":3}},"1":{"start":{"line":2,"column":4},"end":{"line":31,"column":5}},"2":{"start":{"line":4,"column":21},"end":{"line":4,"column":67}},"3":{"start":{"line":6,"column":6},"end":{"line":19,"column":8}},"4":{"start":{"line":21,"column":6},"end":{"line":21,"column":50}},"5":{"start":{"line":22,"column":6},"end":{"line":30,"column":8}}},"fnMap":{"0":{"name":"(anonymous_0)","decl":{"start":{"line":1,"column":33},"end":{"line":1,"column":34}},"loc":{"start":{"line":1,"column":58},"end":{"line":32,"column":3}},"line":1}},"branchMap":{},"s":{"0":1,"1":2,"2":2,"3":1,"4":1,"5":1},"f":{"0":2},"b":{},"inputSourceMap":null,"_coverageSchema":"1a1c01bbd47fc00a2c39e90264f33305004495a9","hash":"71ecbb1046465420d9cd69efc4254ec7955fd70c"}
,"C:\\Users\\TharakaDilshan\\Downloads\\staff-management-system\\leave_management_lambda\\handlers\\leaveBalanceHandler.mjs": {"path":"C:\\Users\\TharakaDilshan\\Downloads\\staff-management-system\\leave_management_lambda\\handlers\\leaveBalanceHandler.mjs","statementMap":{"0":{"start":{"line":1,"column":34},"end":{"line":57,"column":3}},"1":{"start":{"line":2,"column":28},"end":{"line":2,"column":64}},"2":{"start":{"line":4,"column":4},"end":{"line":14,"column":5}},"3":{"start":{"line":5,"column":6},"end":{"line":13,"column":8}},"4":{"start":{"line":16,"column":30},"end":{"line":30,"column":5}},"5":{"start":{"line":32,"column":21},"end":{"line":32,"column":77}},"6":{"start":{"line":33,"column":24},"end":{"line":33,"column":87}},"7":{"start":{"line":35,"column":29},"end":{"line":42,"column":7}},"8":{"start":{"line":35,"column":55},"end":{"line":42,"column":5}},"9":{"start":{"line":44,"column":4},"end":{"line":56,"column":6}}},"fnMap":{"0":{"name":"(anonymous_0)","decl":{"start":{"line":1,"column":34},"end":{"line":1,"column":35}},"loc":{"start":{"line":1,"column":59},"end":{"line":57,"column":3}},"line":1},"1":{"name":"(anonymous_1)","decl":{"start":{"line":35,"column":47},"end":{"line":35,"column":48}},"loc":{"start":{"line":35,"column":55},"end":{"line":42,"column":5}},"line":35}},"branchMap":{"0":{"loc":{"start":{"line":4,"column":4},"end":{"line":14,"column":5}},"type":"if","locations":[{"start":{"line":4,"column":4},"end":{"line":14,"column":5}},{"start":{},"end":{}}],"line":4},"1":{"loc":{"start":{"line":33,"column":24},"end":{"line":33,"column":87}},"type":"cond-expr","locations":[{"start":{"line":33,"column":51},"end":{"line":33,"column":80}},{"start":{"line":33,"column":83},"end":{"line":33,"column":87}}],"line":33}},"s":{"0":1,"1":3,"2":3,"3":1,"4":2,"5":2,"6":2,"7":2,"8":2,"9":2},"f":{"0":3,"1":2},"b":{"0":[1,2],"1":[1,1]},"inputSourceMap":null,"_coverageSchema":"1a1c01bbd47fc00a2c39e90264f33305004495a9","hash":"78d8dfc926ed02f421c46e5355e319c849903a28"}
,"C:\\Users\\TharakaDilshan\\Downloads\\staff-management-system\\leave_management_lambda\\handlers\\leaveRequestPatchHandler.mjs": {"path":"C:\\Users\\TharakaDilshan\\Downloads\\staff-management-system\\leave_management_lambda\\handlers\\leaveRequestPatchHandler.mjs","statementMap":{"0":{"start":{"line":4,"column":25},"end":{"line":4,"column":56}},"1":{"start":{"line":5,"column":2},"end":{"line":15,"column":3}},"2":{"start":{"line":6,"column":4},"end":{"line":14,"column":6}},"3":{"start":{"line":17,"column":13},"end":{"line":17,"column":15}},"4":{"start":{"line":18,"column":2},"end":{"line":30,"column":3}},"5":{"start":{"line":19,"column":4},"end":{"line":19,"column":52}},"6":{"start":{"line":21,"column":4},"end":{"line":29,"column":6}},"7":{"start":{"line":32,"column":30},"end":{"line":32,"column":34}},"8":{"start":{"line":34,"column":2},"end":{"line":44,"column":3}},"9":{"start":{"line":35,"column":4},"end":{"line":43,"column":6}},"10":{"start":{"line":46,"column":2},"end":{"line":184,"column":3}},"11":{"start":{"line":47,"column":4},"end":{"line":47,"column":32}},"12":{"start":{"line":50,"column":21},"end":{"line":53,"column":5}},"13":{"start":{"line":55,"column":4},"end":{"line":66,"column":5}},"14":{"start":{"line":56,"column":6},"end":{"line":56,"column":37}},"15":{"start":{"line":57,"column":6},"end":{"line":65,"column":8}},"16":{"start":{"line":68,"column":25},"end":{"line":68,"column":41}},"17":{"start":{"line":71,"column":23},"end":{"line":71,"column":68}},"18":{"start":{"line":72,"column":27},"end":{"line":75,"column":5}},"19":{"start":{"line":77,"column":4},"end":{"line":88,"column":5}},"20":{"start":{"line":78,"column":6},"end":{"line":78,"column":37}},"21":{"start":{"line":79,"column":6},"end":{"line":87,"column":8}},"22":{"start":{"line":90,"column":23},"end":{"line":90,"column":53}},"23":{"start":{"line":93,"column":4},"end":{"line":137,"column":5}},"24":{"start":{"line":94,"column":25},"end":{"line":99,"column":7}},"25":{"start":{"line":101,"column":6},"end":{"line":112,"column":7}},"26":{"start":{"line":102,"column":8},"end":{"line":102,"column":39}},"27":{"start":{"line":103,"column":8},"end":{"line":111,"column":10}},"28":{"start":{"line":114,"column":22},"end":{"line":114,"column":40}},"29":{"start":{"line":116,"column":6},"end":{"line":127,"column":7}},"30":{"start":{"line":117,"column":8},"end":{"line":117,"column":39}},"31":{"start":{"line":118,"column":8},"end":{"line":126,"column":10}},"32":{"start":{"line":130,"column":6},"end":{"line":136,"column":8}},"33":{"start":{"line":140,"column":30},"end":{"line":149,"column":5}},"34":{"start":{"line":152,"column":4},"end":{"line":156,"column":6}},"35":{"start":{"line":158,"column":4},"end":{"line":158,"column":33}},"36":{"start":{"line":160,"column":4},"end":{"line":171,"column":6}},"37":{"start":{"line":173,"column":4},"end":{"line":173,"column":35}},"38":{"start":{"line":174,"column":4},"end":{"line":174,"column":55}},"39":{"start":{"line":175,"column":4},"end":{"line":183,"column":6}}},"fnMap":{"0":{"name":"handleLeaveRequestPatch","decl":{"start":{"line":3,"column":22},"end":{"line":3,"column":45}},"loc":{"start":{"line":3,"column":61},"end":{"line":185,"column":1}},"line":3}},"branchMap":{"0":{"loc":{"start":{"line":5,"column":2},"end":{"line":15,"column":3}},"type":"if","locations":[{"start":{"line":5,"column":2},"end":{"line":15,"column":3}},{"start":{},"end":{}}],"line":5},"1":{"loc":{"start":{"line":19,"column":11},"end":{"line":19,"column":51}},"type":"cond-expr","locations":[{"start":{"line":19,"column":24},"end":{"line":19,"column":46}},{"start":{"line":19,"column":49},"end":{"line":19,"column":51}}],"line":19},"2":{"loc":{"start":{"line":34,"column":2},"end":{"line":44,"column":3}},"type":"if","locations":[{"start":{"line":34,"column":2},"end":{"line":44,"column":3}},{"start":{},"end":{}}],"line":34},"3":{"loc":{"start":{"line":34,"column":6},"end":{"line":34,"column":72}},"type":"binary-expr","locations":[{"start":{"line":34,"column":6},"end":{"line":34,"column":13}},{"start":{"line":34,"column":17},"end":{"line":34,"column":72}}],"line":34},"4":{"loc":{"start":{"line":55,"column":4},"end":{"line":66,"column":5}},"type":"if","locations":[{"start":{"line":55,"column":4},"end":{"line":66,"column":5}},{"start":{},"end":{}}],"line":55},"5":{"loc":{"start":{"line":77,"column":4},"end":{"line":88,"column":5}},"type":"if","locations":[{"start":{"line":77,"column":4},"end":{"line":88,"column":5}},{"start":{},"end":{}}],"line":77},"6":{"loc":{"start":{"line":93,"column":4},"end":{"line":137,"column":5}},"type":"if","locations":[{"start":{"line":93,"column":4},"end":{"line":137,"column":5}},{"start":{},"end":{}}],"line":93},"7":{"loc":{"start":{"line":101,"column":6},"end":{"line":112,"column":7}},"type":"if","locations":[{"start":{"line":101,"column":6},"end":{"line":112,"column":7}},{"start":{},"end":{}}],"line":101},"8":{"loc":{"start":{"line":116,"column":6},"end":{"line":127,"column":7}},"type":"if","locations":[{"start":{"line":116,"column":6},"end":{"line":127,"column":7}},{"start":{},"end":{}}],"line":116},"9":{"loc":{"start":{"line":155,"column":43},"end":{"line":155,"column":58}},"type":"binary-expr","locations":[{"start":{"line":155,"column":43},"end":{"line":155,"column":50}},{"start":{"line":155,"column":54},"end":{"line":155,"column":58}}],"line":155}},"s":{"0":8,"1":8,"2":1,"3":7,"4":7,"5":7,"6":1,"7":6,"8":6,"9":1,"10":5,"11":5,"12":5,"13":5,"14":1,"15":1,"16":4,"17":4,"18":4,"19":4,"20":1,"21":1,"22":3,"23":3,"24":3,"25":3,"26":1,"27":1,"28":2,"29":2,"30":1,"31":1,"32":1,"33":1,"34":1,"35":1,"36":1,"37":0,"38":0,"39":0},"f":{"0":8},"b":{"0":[1,7],"1":[7,0],"2":[1,5],"3":[6,6],"4":[1,4],"5":[1,3],"6":[3,0],"7":[1,2],"8":[1,1],"9":[1,0]},"inputSourceMap":null,"_coverageSchema":"1a1c01bbd47fc00a2c39e90264f33305004495a9","hash":"be686c062c28a108605b8f23a016ed155712c270"}
,"C:\\Users\\TharakaDilshan\\Downloads\\staff-management-system\\leave_management_lambda\\handlers\\leaveRequestsHandler.mjs": {"path":"C:\\Users\\TharakaDilshan\\Downloads\\staff-management-system\\leave_management_lambda\\handlers\\leaveRequestsHandler.mjs","statementMap":{"0":{"start":{"line":2,"column":2},"end":{"line":15,"column":3}},"1":{"start":{"line":3,"column":4},"end":{"line":14,"column":6}},"2":{"start":{"line":25,"column":6},"end":{"line":25,"column":17}},"3":{"start":{"line":28,"column":18},"end":{"line":28,"column":35}},"4":{"start":{"line":29,"column":18},"end":{"line":29,"column":36}},"5":{"start":{"line":30,"column":17},"end":{"line":30,"column":40}},"6":{"start":{"line":33,"column":18},"end":{"line":50,"column":3}},"7":{"start":{"line":52,"column":17},"end":{"line":52,"column":19}},"8":{"start":{"line":53,"column":14},"end":{"line":53,"column":15}},"9":{"start":{"line":55,"column":2},"end":{"line":58,"column":3}},"10":{"start":{"line":56,"column":4},"end":{"line":56,"column":49}},"11":{"start":{"line":57,"column":4},"end":{"line":57,"column":25}},"12":{"start":{"line":60,"column":2},"end":{"line":63,"column":3}},"13":{"start":{"line":61,"column":4},"end":{"line":61,"column":48}},"14":{"start":{"line":62,"column":4},"end":{"line":62,"column":24}},"15":{"start":{"line":65,"column":2},"end":{"line":79,"column":3}},"16":{"start":{"line":66,"column":4},"end":{"line":70,"column":7}},"17":{"start":{"line":71,"column":4},"end":{"line":71,"column":38}},"18":{"start":{"line":72,"column":4},"end":{"line":72,"column":15}},"19":{"start":{"line":73,"column":9},"end":{"line":79,"column":3}},"20":{"start":{"line":74,"column":4},"end":{"line":74,"column":53}},"21":{"start":{"line":75,"column":4},"end":{"line":75,"column":28}},"22":{"start":{"line":76,"column":9},"end":{"line":79,"column":3}},"23":{"start":{"line":77,"column":4},"end":{"line":77,"column":51}},"24":{"start":{"line":78,"column":4},"end":{"line":78,"column":26}},"25":{"start":{"line":82,"column":25},"end":{"line":82,"column":104}},"26":{"start":{"line":83,"column":2},"end":{"line":83,"column":31}},"27":{"start":{"line":85,"column":17},"end":{"line":85,"column":59}},"28":{"start":{"line":88,"column":19},"end":{"line":92,"column":3}},"29":{"start":{"line":93,"column":22},"end":{"line":93,"column":24}},"30":{"start":{"line":94,"column":10},"end":{"line":94,"column":11}},"31":{"start":{"line":96,"column":2},"end":{"line":99,"column":3}},"32":{"start":{"line":97,"column":4},"end":{"line":97,"column":46}},"33":{"start":{"line":98,"column":4},"end":{"line":98,"column":30}},"34":{"start":{"line":100,"column":2},"end":{"line":103,"column":3}},"35":{"start":{"line":101,"column":4},"end":{"line":101,"column":45}},"36":{"start":{"line":102,"column":4},"end":{"line":102,"column":29}},"37":{"start":{"line":104,"column":2},"end":{"line":118,"column":3}},"38":{"start":{"line":105,"column":4},"end":{"line":109,"column":7}},"39":{"start":{"line":110,"column":4},"end":{"line":110,"column":43}},"40":{"start":{"line":111,"column":4},"end":{"line":111,"column":11}},"41":{"start":{"line":112,"column":9},"end":{"line":118,"column":3}},"42":{"start":{"line":113,"column":4},"end":{"line":113,"column":50}},"43":{"start":{"line":114,"column":4},"end":{"line":114,"column":33}},"44":{"start":{"line":115,"column":9},"end":{"line":118,"column":3}},"45":{"start":{"line":116,"column":4},"end":{"line":116,"column":48}},"46":{"start":{"line":117,"column":4},"end":{"line":117,"column":31}},"47":{"start":{"line":120,"column":22},"end":{"line":120,"column":65}},"48":{"start":{"line":121,"column":16},"end":{"line":121,"column":55}},"49":{"start":{"line":123,"column":2},"end":{"line":142,"column":4}}},"fnMap":{"0":{"name":"handleLeaveRequests","decl":{"start":{"line":1,"column":22},"end":{"line":1,"column":41}},"loc":{"start":{"line":1,"column":71},"end":{"line":143,"column":1}},"line":1}},"branchMap":{"0":{"loc":{"start":{"line":2,"column":2},"end":{"line":15,"column":3}},"type":"if","locations":[{"start":{"line":2,"column":2},"end":{"line":15,"column":3}},{"start":{},"end":{}}],"line":2},"1":{"loc":{"start":{"line":23,"column":4},"end":{"line":23,"column":12}},"type":"default-arg","locations":[{"start":{"line":23,"column":11},"end":{"line":23,"column":12}}],"line":23},"2":{"loc":{"start":{"line":24,"column":4},"end":{"line":24,"column":13}},"type":"default-arg","locations":[{"start":{"line":24,"column":11},"end":{"line":24,"column":13}}],"line":24},"3":{"loc":{"start":{"line":28,"column":18},"end":{"line":28,"column":35}},"type":"binary-expr","locations":[{"start":{"line":28,"column":18},"end":{"line":28,"column":30}},{"start":{"line":28,"column":34},"end":{"line":28,"column":35}}],"line":28},"4":{"loc":{"start":{"line":29,"column":18},"end":{"line":29,"column":36}},"type":"binary-expr","locations":[{"start":{"line":29,"column":18},"end":{"line":29,"column":30}},{"start":{"line":29,"column":34},"end":{"line":29,"column":36}}],"line":29},"5":{"loc":{"start":{"line":55,"column":2},"end":{"line":58,"column":3}},"type":"if","locations":[{"start":{"line":55,"column":2},"end":{"line":58,"column":3}},{"start":{},"end":{}}],"line":55},"6":{"loc":{"start":{"line":60,"column":2},"end":{"line":63,"column":3}},"type":"if","locations":[{"start":{"line":60,"column":2},"end":{"line":63,"column":3}},{"start":{},"end":{}}],"line":60},"7":{"loc":{"start":{"line":65,"column":2},"end":{"line":79,"column":3}},"type":"if","locations":[{"start":{"line":65,"column":2},"end":{"line":79,"column":3}},{"start":{"line":73,"column":9},"end":{"line":79,"column":3}}],"line":65},"8":{"loc":{"start":{"line":65,"column":6},"end":{"line":65,"column":28}},"type":"binary-expr","locations":[{"start":{"line":65,"column":6},"end":{"line":65,"column":16}},{"start":{"line":65,"column":20},"end":{"line":65,"column":28}}],"line":65},"9":{"loc":{"start":{"line":73,"column":9},"end":{"line":79,"column":3}},"type":"if","locations":[{"start":{"line":73,"column":9},"end":{"line":79,"column":3}},{"start":{"line":76,"column":9},"end":{"line":79,"column":3}}],"line":73},"10":{"loc":{"start":{"line":76,"column":9},"end":{"line":79,"column":3}},"type":"if","locations":[{"start":{"line":76,"column":9},"end":{"line":79,"column":3}},{"start":{},"end":{}}],"line":76},"11":{"loc":{"start":{"line":96,"column":2},"end":{"line":99,"column":3}},"type":"if","locations":[{"start":{"line":96,"column":2},"end":{"line":99,"column":3}},{"start":{},"end":{}}],"line":96},"12":{"loc":{"start":{"line":100,"column":2},"end":{"line":103,"column":3}},"type":"if","locations":[{"start":{"line":100,"column":2},"end":{"line":103,"column":3}},{"start":{},"end":{}}],"line":100},"13":{"loc":{"start":{"line":104,"column":2},"end":{"line":118,"column":3}},"type":"if","locations":[{"start":{"line":104,"column":2},"end":{"line":118,"column":3}},{"start":{"line":112,"column":9},"end":{"line":118,"column":3}}],"line":104},"14":{"loc":{"start":{"line":104,"column":6},"end":{"line":104,"column":28}},"type":"binary-expr","locations":[{"start":{"line":104,"column":6},"end":{"line":104,"column":16}},{"start":{"line":104,"column":20},"end":{"line":104,"column":28}}],"line":104},"15":{"loc":{"start":{"line":112,"column":9},"end":{"line":118,"column":3}},"type":"if","locations":[{"start":{"line":112,"column":9},"end":{"line":118,"column":3}},{"start":{"line":115,"column":9},"end":{"line":118,"column":3}}],"line":112},"16":{"loc":{"start":{"line":115,"column":9},"end":{"line":118,"column":3}},"type":"if","locations":[{"start":{"line":115,"column":9},"end":{"line":118,"column":3}},{"start":{},"end":{}}],"line":115}},"s":{"0":4,"1":1,"2":3,"3":3,"4":3,"5":3,"6":3,"7":3,"8":3,"9":3,"10":1,"11":1,"12":3,"13":0,"14":0,"15":3,"16":1,"17":1,"18":1,"19":2,"20":0,"21":0,"22":2,"23":0,"24":0,"25":3,"26":3,"27":3,"28":3,"29":3,"30":3,"31":3,"32":1,"33":1,"34":3,"35":0,"36":0,"37":3,"38":1,"39":1,"40":1,"41":2,"42":0,"43":0,"44":2,"45":0,"46":0,"47":3,"48":3,"49":3},"f":{"0":4},"b":{"0":[1,3],"1":[2],"2":[2],"3":[3,0],"4":[3,0],"5":[1,2],"6":[0,3],"7":[1,2],"8":[3,1],"9":[0,2],"10":[0,2],"11":[1,2],"12":[0,3],"13":[1,2],"14":[3,1],"15":[0,2],"16":[0,2]},"inputSourceMap":null,"_coverageSchema":"1a1c01bbd47fc00a2c39e90264f33305004495a9","hash":"ed6681f7436882fa04440b48b2fd8c38665db684"}
,"C:\\Users\\TharakaDilshan\\Downloads\\staff-management-system\\leave_management_lambda\\handlers\\leaveRequestsPostHandler.mjs": {"path":"C:\\Users\\TharakaDilshan\\Downloads\\staff-management-system\\leave_management_lambda\\handlers\\leaveRequestsPostHandler.mjs","statementMap":{"0":{"start":{"line":2,"column":17},"end":{"line":2,"column":47}},"1":{"start":{"line":3,"column":71},"end":{"line":3,"column":75}},"2":{"start":{"line":5,"column":4},"end":{"line":15,"column":5}},"3":{"start":{"line":6,"column":6},"end":{"line":14,"column":8}},"4":{"start":{"line":18,"column":4},"end":{"line":28,"column":5}},"5":{"start":{"line":19,"column":6},"end":{"line":27,"column":8}},"6":{"start":{"line":30,"column":4},"end":{"line":131,"column":5}},"7":{"start":{"line":32,"column":25},"end":{"line":36,"column":7}},"8":{"start":{"line":38,"column":6},"end":{"line":48,"column":7}},"9":{"start":{"line":39,"column":8},"end":{"line":47,"column":10}},"10":{"start":{"line":50,"column":28},"end":{"line":50,"column":61}},"11":{"start":{"line":51,"column":24},"end":{"line":51,"column":106}},"12":{"start":{"line":53,"column":6},"end":{"line":63,"column":7}},"13":{"start":{"line":54,"column":8},"end":{"line":62,"column":10}},"14":{"start":{"line":66,"column":25},"end":{"line":76,"column":7}},"15":{"start":{"line":78,"column":6},"end":{"line":88,"column":7}},"16":{"start":{"line":79,"column":8},"end":{"line":87,"column":10}},"17":{"start":{"line":91,"column":24},"end":{"line":95,"column":7}},"18":{"start":{"line":97,"column":23},"end":{"line":97,"column":40}},"19":{"start":{"line":100,"column":6},"end":{"line":104,"column":8}},"20":{"start":{"line":106,"column":6},"end":{"line":118,"column":8}},"21":{"start":{"line":121,"column":6},"end":{"line":121,"column":56}},"22":{"start":{"line":122,"column":6},"end":{"line":130,"column":8}}},"fnMap":{"0":{"name":"handleLeaveRequestsPOST","decl":{"start":{"line":1,"column":22},"end":{"line":1,"column":45}},"loc":{"start":{"line":1,"column":61},"end":{"line":132,"column":3}},"line":1}},"branchMap":{"0":{"loc":{"start":{"line":2,"column":28},"end":{"line":2,"column":46}},"type":"binary-expr","locations":[{"start":{"line":2,"column":28},"end":{"line":2,"column":38}},{"start":{"line":2,"column":42},"end":{"line":2,"column":46}}],"line":2},"1":{"loc":{"start":{"line":5,"column":4},"end":{"line":15,"column":5}},"type":"if","locations":[{"start":{"line":5,"column":4},"end":{"line":15,"column":5}},{"start":{},"end":{}}],"line":5},"2":{"loc":{"start":{"line":5,"column":8},"end":{"line":5,"column":64}},"type":"binary-expr","locations":[{"start":{"line":5,"column":8},"end":{"line":5,"column":16}},{"start":{"line":5,"column":20},"end":{"line":5,"column":36}},{"start":{"line":5,"column":40},"end":{"line":5,"column":51}},{"start":{"line":5,"column":55},"end":{"line":5,"column":64}}],"line":5},"3":{"loc":{"start":{"line":18,"column":4},"end":{"line":28,"column":5}},"type":"if","locations":[{"start":{"line":18,"column":4},"end":{"line":28,"column":5}},{"start":{},"end":{}}],"line":18},"4":{"loc":{"start":{"line":38,"column":6},"end":{"line":48,"column":7}},"type":"if","locations":[{"start":{"line":38,"column":6},"end":{"line":48,"column":7}},{"start":{},"end":{}}],"line":38},"5":{"loc":{"start":{"line":53,"column":6},"end":{"line":63,"column":7}},"type":"if","locations":[{"start":{"line":53,"column":6},"end":{"line":63,"column":7}},{"start":{},"end":{}}],"line":53},"6":{"loc":{"start":{"line":78,"column":6},"end":{"line":88,"column":7}},"type":"if","locations":[{"start":{"line":78,"column":6},"end":{"line":88,"column":7}},{"start":{},"end":{}}],"line":78},"7":{"loc":{"start":{"line":94,"column":57},"end":{"line":94,"column":71}},"type":"binary-expr","locations":[{"start":{"line":94,"column":57},"end":{"line":94,"column":63}},{"start":{"line":94,"column":67},"end":{"line":94,"column":71}}],"line":94}},"s":{"0":7,"1":7,"2":7,"3":1,"4":6,"5":1,"6":5,"7":5,"8":4,"9":1,"10":3,"11":3,"12":3,"13":1,"14":2,"15":2,"16":1,"17":1,"18":1,"19":1,"20":1,"21":1,"22":1},"f":{"0":7},"b":{"0":[7,0],"1":[1,6],"2":[7,7,6,6],"3":[1,5],"4":[1,3],"5":[1,2],"6":[1,1],"7":[1,0]},"inputSourceMap":null,"_coverageSchema":"1a1c01bbd47fc00a2c39e90264f33305004495a9","hash":"60c2fb529e0fe22b9968abd137c038ce5b303234"}
,"C:\\Users\\TharakaDilshan\\Downloads\\staff-management-system\\leave_management_lambda\\handlers\\leaveSummaryReportHandler.mjs": {"path":"C:\\Users\\TharakaDilshan\\Downloads\\staff-management-system\\leave_management_lambda\\handlers\\leaveSummaryReportHandler.mjs","statementMap":{"0":{"start":{"line":3,"column":18},"end":{"line":3,"column":51}},"1":{"start":{"line":4,"column":46},"end":{"line":4,"column":51}},"2":{"start":{"line":6,"column":4},"end":{"line":16,"column":5}},"3":{"start":{"line":7,"column":6},"end":{"line":15,"column":8}},"4":{"start":{"line":18,"column":4},"end":{"line":105,"column":5}},"5":{"start":{"line":20,"column":30},"end":{"line":43,"column":7}},"6":{"start":{"line":46,"column":28},"end":{"line":59,"column":7}},"7":{"start":{"line":62,"column":28},"end":{"line":62,"column":30}},"8":{"start":{"line":63,"column":6},"end":{"line":69,"column":9}},"9":{"start":{"line":64,"column":8},"end":{"line":68,"column":10}},"10":{"start":{"line":72,"column":21},"end":{"line":79,"column":9}},"11":{"start":{"line":72,"column":54},"end":{"line":79,"column":7}},"12":{"start":{"line":81,"column":6},"end":{"line":93,"column":8}},"13":{"start":{"line":95,"column":6},"end":{"line":95,"column":58}},"14":{"start":{"line":96,"column":6},"end":{"line":104,"column":8}}},"fnMap":{"0":{"name":"handleLeaveSummaryReport","decl":{"start":{"line":2,"column":22},"end":{"line":2,"column":46}},"loc":{"start":{"line":2,"column":62},"end":{"line":106,"column":3}},"line":2},"1":{"name":"(anonymous_1)","decl":{"start":{"line":63,"column":33},"end":{"line":63,"column":34}},"loc":{"start":{"line":63,"column":40},"end":{"line":69,"column":7}},"line":63},"2":{"name":"(anonymous_2)","decl":{"start":{"line":72,"column":46},"end":{"line":72,"column":47}},"loc":{"start":{"line":72,"column":54},"end":{"line":79,"column":7}},"line":72}},"branchMap":{"0":{"loc":{"start":{"line":3,"column":18},"end":{"line":3,"column":51}},"type":"binary-expr","locations":[{"start":{"line":3,"column":18},"end":{"line":3,"column":45}},{"start":{"line":3,"column":49},"end":{"line":3,"column":51}}],"line":3},"1":{"loc":{"start":{"line":6,"column":4},"end":{"line":16,"column":5}},"type":"if","locations":[{"start":{"line":6,"column":4},"end":{"line":16,"column":5}},{"start":{},"end":{}}],"line":6},"2":{"loc":{"start":{"line":6,"column":8},"end":{"line":6,"column":32}},"type":"binary-expr","locations":[{"start":{"line":6,"column":8},"end":{"line":6,"column":19}},{"start":{"line":6,"column":23},"end":{"line":6,"column":32}}],"line":6},"3":{"loc":{"start":{"line":42,"column":31},"end":{"line":42,"column":46}},"type":"binary-expr","locations":[{"start":{"line":42,"column":31},"end":{"line":42,"column":38}},{"start":{"line":42,"column":42},"end":{"line":42,"column":46}}],"line":42},"4":{"loc":{"start":{"line":58,"column":31},"end":{"line":58,"column":46}},"type":"binary-expr","locations":[{"start":{"line":58,"column":31},"end":{"line":58,"column":38}},{"start":{"line":58,"column":42},"end":{"line":58,"column":46}}],"line":58},"5":{"loc":{"start":{"line":78,"column":20},"end":{"line":78,"column":103}},"type":"binary-expr","locations":[{"start":{"line":78,"column":20},"end":{"line":78,"column":46}},{"start":{"line":78,"column":50},"end":{"line":78,"column":103}}],"line":78}},"s":{"0":5,"1":5,"2":5,"3":1,"4":4,"5":4,"6":3,"7":3,"8":3,"9":3,"10":3,"11":4,"12":3,"13":1,"14":1},"f":{"0":5,"1":3,"2":4},"b":{"0":[5,0],"1":[1,4],"2":[5,5],"3":[4,3],"4":[3,2],"5":[4,1]},"inputSourceMap":null,"_coverageSchema":"1a1c01bbd47fc00a2c39e90264f33305004495a9","hash":"37046560aab177c980fdbd9b7dcc42dbcdc8d7da"}
,"C:\\Users\\TharakaDilshan\\Downloads\\staff-management-system\\leave_management_lambda\\handlers\\usersMeHandler.mjs": {"path":"C:\\Users\\TharakaDilshan\\Downloads\\staff-management-system\\leave_management_lambda\\handlers\\usersMeHandler.mjs","statementMap":{"0":{"start":{"line":5,"column":2},"end":{"line":35,"column":3}},"1":{"start":{"line":7,"column":28},"end":{"line":7,"column":57}},"2":{"start":{"line":9,"column":4},"end":{"line":23,"column":6}},"3":{"start":{"line":25,"column":4},"end":{"line":25,"column":49}},"4":{"start":{"line":26,"column":4},"end":{"line":34,"column":6}}},"fnMap":{"0":{"name":"handleUsersMe","decl":{"start":{"line":4,"column":22},"end":{"line":4,"column":35}},"loc":{"start":{"line":4,"column":51},"end":{"line":36,"column":1}},"line":4}},"branchMap":{},"s":{"0":2,"1":2,"2":1,"3":1,"4":1},"f":{"0":2},"b":{},"inputSourceMap":null,"_coverageSchema":"1a1c01bbd47fc00a2c39e90264f33305004495a9","hash":"65f03d26da0ac7b2ae42a8d1db5f044d105d1220"}
}
